2014-05-22 00:06:30 =ERROR REPORT====
** Generic server <0.272.0> terminating 
** Last message in was {route,"/about"}
** When Server state == {state,feed_eater_erlang,["feed_eater_erlang_feed_controller","feed_eater_erlang_user_controller"],57377,61474,65571}
** Reason for termination == 
** {badarg,[{erlang,list_to_atom,[undefined],[]},{boss_router_controller,route,2,[{file,"src/boss/boss_router_controller.erl"},{line,172}]},{boss_router_controller,handle_call,3,[{file,"src/boss/boss_router_controller.erl"},{line,64}]},{gen_server,handle_msg,5,[{file,"gen_server.erl"},{line,580}]},{proc_lib,init_p_do_apply,3,[{file,"proc_lib.erl"},{line,239}]}]}
2014-05-22 00:06:30 =CRASH REPORT====
  crasher:
    initial call: boss_router_controller:init/1
    pid: <0.272.0>
    registered_name: []
    exception exit: {{badarg,[{erlang,list_to_atom,[undefined],[]},{boss_router_controller,route,2,[{file,"src/boss/boss_router_controller.erl"},{line,172}]},{boss_router_controller,handle_call,3,[{file,"src/boss/boss_router_controller.erl"},{line,64}]},{gen_server,handle_msg,5,[{file,"gen_server.erl"},{line,580}]},{proc_lib,init_p_do_apply,3,[{file,"proc_lib.erl"},{line,239}]}]},[{gen_server,terminate,6,[{file,"gen_server.erl"},{line,746}]},{proc_lib,init_p_do_apply,3,[{file,"proc_lib.erl"},{line,239}]}]}
    ancestors: [<0.271.0>,boss_web,boss_sup,<0.92.0>]
    messages: []
    links: [<0.271.0>]
    dictionary: [{boss_environment,development}]
    trap_exit: false
    status: running
    heap_size: 1598
    stack_size: 27
    reductions: 22420
  neighbours:
2014-05-22 00:06:30 =SUPERVISOR REPORT====
     Supervisor: {<0.271.0>,boss_router_sup}
     Context:    child_terminated
     Reason:     {badarg,[{erlang,list_to_atom,[undefined],[]},{boss_router_controller,route,2,[{file,"src/boss/boss_router_controller.erl"},{line,172}]},{boss_router_controller,handle_call,3,[{file,"src/boss/boss_router_controller.erl"},{line,64}]},{gen_server,handle_msg,5,[{file,"gen_server.erl"},{line,580}]},{proc_lib,init_p_do_apply,3,[{file,"proc_lib.erl"},{line,239}]}]}
     Offender:   [{pid,<0.272.0>},{name,router_controller},{mfargs,{boss_router_controller,start_link,[[{application,feed_eater_erlang},{controllers,["feed_eater_erlang_feed_controller","feed_eater_erlang_user_controller"]}]]}},{restart_type,permanent},{shutdown,2000},{child_type,worker}]

