2014-05-20 14:58:17.594 [error] <0.106.0> CRASH REPORT Process <0.106.0> with 0 neighbours exited with reason: {tcp,econnrefused} in gen_server:init_it/6 line 322
2014-05-20 14:58:17.594 [error] <0.105.0> CRASH REPORT Process <0.105.0> with 0 neighbours exited with reason: {tcp,econnrefused} in gen_server:init_it/6 line 322
2014-05-20 14:58:17.594 [error] <0.104.0> CRASH REPORT Process <0.104.0> with 0 neighbours exited with reason: {tcp,econnrefused} in gen_server:init_it/6 line 322
2014-05-20 14:58:17.595 [error] <0.103.0> CRASH REPORT Process <0.103.0> with 0 neighbours exited with reason: {tcp,econnrefused} in gen_server:init_it/6 line 322
2014-05-20 14:58:17.595 [error] <0.107.0> CRASH REPORT Process <0.107.0> with 0 neighbours exited with reason: {tcp,econnrefused} in gen_server:init_it/6 line 322
2014-05-20 14:58:17.599 [error] <0.115.0> CRASH REPORT Process <0.115.0> with 0 neighbours exited with reason: {tcp,econnrefused} in gen_server:init_it/6 line 322
2014-05-20 14:58:17.601 [error] <0.119.0> CRASH REPORT Process <0.119.0> with 0 neighbours exited with reason: {tcp,econnrefused} in gen_server:init_it/6 line 322
2014-05-20 14:58:17.602 [error] <0.118.0> CRASH REPORT Process <0.118.0> with 0 neighbours exited with reason: {tcp,econnrefused} in gen_server:init_it/6 line 322
2014-05-20 14:58:17.602 [error] <0.117.0> CRASH REPORT Process <0.117.0> with 0 neighbours exited with reason: {tcp,econnrefused} in gen_server:init_it/6 line 322
2014-05-20 14:58:17.602 [error] <0.116.0> CRASH REPORT Process <0.116.0> with 0 neighbours exited with reason: {tcp,econnrefused} in gen_server:init_it/6 line 322
2014-05-20 14:58:17.604 [error] <0.121.0> CRASH REPORT Process <0.121.0> with 0 neighbours exited with reason: {tcp,econnrefused} in gen_server:init_it/6 line 322
2014-05-20 14:58:17.607 [error] <0.129.0> CRASH REPORT Process <0.129.0> with 0 neighbours exited with reason: {tcp,econnrefused} in gen_server:init_it/6 line 322
2014-05-20 14:58:17.607 [error] <0.128.0> CRASH REPORT Process <0.128.0> with 0 neighbours exited with reason: {tcp,econnrefused} in gen_server:init_it/6 line 322
2014-05-20 14:58:17.607 [error] <0.127.0> CRASH REPORT Process <0.127.0> with 0 neighbours exited with reason: {tcp,econnrefused} in gen_server:init_it/6 line 322
2014-05-20 14:58:17.607 [error] <0.126.0> CRASH REPORT Process <0.126.0> with 0 neighbours exited with reason: {tcp,econnrefused} in gen_server:init_it/6 line 322
2014-05-20 14:58:17.610 [error] <0.131.0> CRASH REPORT Process <0.131.0> with 0 neighbours exited with reason: {tcp,econnrefused} in gen_server:init_it/6 line 322
2014-05-20 14:58:17.614 [error] <0.139.0> CRASH REPORT Process <0.139.0> with 0 neighbours exited with reason: {tcp,econnrefused} in gen_server:init_it/6 line 322
2014-05-20 14:58:17.614 [error] <0.138.0> CRASH REPORT Process <0.138.0> with 0 neighbours exited with reason: {tcp,econnrefused} in gen_server:init_it/6 line 322
2014-05-20 14:58:17.614 [error] <0.137.0> CRASH REPORT Process <0.137.0> with 0 neighbours exited with reason: {tcp,econnrefused} in gen_server:init_it/6 line 322
2014-05-20 14:58:17.614 [error] <0.136.0> CRASH REPORT Process <0.136.0> with 0 neighbours exited with reason: {tcp,econnrefused} in gen_server:init_it/6 line 322
2014-05-20 14:58:17.626 [error] <0.149.0> CRASH REPORT Process <0.149.0> with 0 neighbours exited with reason: {tcp,econnrefused} in gen_server:init_it/6 line 322
2014-05-20 14:58:17.626 [error] <0.148.0> CRASH REPORT Process <0.148.0> with 0 neighbours exited with reason: {tcp,econnrefused} in gen_server:init_it/6 line 322
2014-05-20 14:58:17.626 [error] <0.147.0> CRASH REPORT Process <0.147.0> with 0 neighbours exited with reason: {tcp,econnrefused} in gen_server:init_it/6 line 322
2014-05-20 14:58:17.626 [error] <0.146.0> CRASH REPORT Process <0.146.0> with 0 neighbours exited with reason: {tcp,econnrefused} in gen_server:init_it/6 line 322
2014-05-20 14:58:17.626 [error] <0.145.0> CRASH REPORT Process <0.145.0> with 0 neighbours exited with reason: {tcp,econnrefused} in gen_server:init_it/6 line 322
2014-05-20 14:58:17.644 [error] <0.159.0> CRASH REPORT Process <0.159.0> with 0 neighbours exited with reason: {tcp,econnrefused} in gen_server:init_it/6 line 322
2014-05-20 14:58:17.645 [error] <0.158.0> CRASH REPORT Process <0.158.0> with 0 neighbours exited with reason: {tcp,econnrefused} in gen_server:init_it/6 line 322
2014-05-20 14:58:17.645 [error] <0.157.0> CRASH REPORT Process <0.157.0> with 0 neighbours exited with reason: {tcp,econnrefused} in gen_server:init_it/6 line 322
2014-05-20 14:58:17.645 [error] <0.156.0> CRASH REPORT Process <0.156.0> with 0 neighbours exited with reason: {tcp,econnrefused} in gen_server:init_it/6 line 322
2014-05-20 14:58:17.645 [error] <0.155.0> CRASH REPORT Process <0.155.0> with 0 neighbours exited with reason: {tcp,econnrefused} in gen_server:init_it/6 line 322
2014-05-20 14:58:17.679 [error] <0.172.0> CRASH REPORT Process <0.172.0> with 0 neighbours exited with reason: {tcp,econnrefused} in gen_server:init_it/6 line 322
2014-05-20 14:58:17.679 [error] <0.171.0> CRASH REPORT Process <0.171.0> with 0 neighbours exited with reason: {tcp,econnrefused} in gen_server:init_it/6 line 322
2014-05-20 14:58:17.680 [error] <0.175.0> CRASH REPORT Process <0.175.0> with 0 neighbours exited with reason: {tcp,econnrefused} in gen_server:init_it/6 line 322
2014-05-20 14:58:17.680 [error] <0.174.0> CRASH REPORT Process <0.174.0> with 0 neighbours exited with reason: {tcp,econnrefused} in gen_server:init_it/6 line 322
2014-05-20 14:58:17.680 [error] <0.173.0> CRASH REPORT Process <0.173.0> with 0 neighbours exited with reason: {tcp,econnrefused} in gen_server:init_it/6 line 322
2014-05-20 14:58:17.745 [error] <0.205.0> CRASH REPORT Process <0.205.0> with 0 neighbours exited with reason: {tcp,econnrefused} in gen_server:init_it/6 line 322
2014-05-20 14:58:17.745 [error] <0.203.0> CRASH REPORT Process <0.203.0> with 0 neighbours exited with reason: {tcp,econnrefused} in gen_server:init_it/6 line 322
2014-05-20 14:58:17.745 [error] <0.206.0> CRASH REPORT Process <0.206.0> with 0 neighbours exited with reason: {tcp,econnrefused} in gen_server:init_it/6 line 322
2014-05-20 14:58:17.746 [error] <0.204.0> CRASH REPORT Process <0.204.0> with 0 neighbours exited with reason: {tcp,econnrefused} in gen_server:init_it/6 line 322
2014-05-20 14:58:17.746 [error] <0.202.0> CRASH REPORT Process <0.202.0> with 0 neighbours exited with reason: {tcp,econnrefused} in gen_server:init_it/6 line 322
2014-05-20 14:58:17.877 [error] <0.226.0> CRASH REPORT Process <0.226.0> with 0 neighbours exited with reason: {tcp,econnrefused} in gen_server:init_it/6 line 322
2014-05-20 14:58:17.877 [error] <0.225.0> CRASH REPORT Process <0.225.0> with 0 neighbours exited with reason: {tcp,econnrefused} in gen_server:init_it/6 line 322
2014-05-20 14:58:17.877 [error] <0.222.0> CRASH REPORT Process <0.222.0> with 0 neighbours exited with reason: {tcp,econnrefused} in gen_server:init_it/6 line 322
2014-05-20 14:58:17.877 [error] <0.223.0> CRASH REPORT Process <0.223.0> with 0 neighbours exited with reason: {tcp,econnrefused} in gen_server:init_it/6 line 322
2014-05-20 14:58:17.877 [error] <0.224.0> CRASH REPORT Process <0.224.0> with 0 neighbours exited with reason: {tcp,econnrefused} in gen_server:init_it/6 line 322
2014-05-20 14:58:18.146 [error] <0.357.0> CRASH REPORT Process <0.357.0> with 0 neighbours exited with reason: {tcp,econnrefused} in gen_server:init_it/6 line 322
2014-05-20 14:58:18.146 [error] <0.356.0> CRASH REPORT Process <0.356.0> with 0 neighbours exited with reason: {tcp,econnrefused} in gen_server:init_it/6 line 322
2014-05-20 14:58:18.146 [error] <0.355.0> CRASH REPORT Process <0.355.0> with 0 neighbours exited with reason: {tcp,econnrefused} in gen_server:init_it/6 line 322
2014-05-20 14:58:18.146 [error] <0.354.0> CRASH REPORT Process <0.354.0> with 0 neighbours exited with reason: {tcp,econnrefused} in gen_server:init_it/6 line 322
2014-05-20 14:58:18.146 [error] <0.353.0> CRASH REPORT Process <0.353.0> with 0 neighbours exited with reason: {tcp,econnrefused} in gen_server:init_it/6 line 322
2014-05-20 14:58:18.662 [error] <0.377.0> CRASH REPORT Process <0.377.0> with 0 neighbours exited with reason: {tcp,econnrefused} in gen_server:init_it/6 line 322
2014-05-20 14:58:18.663 [error] <0.376.0> CRASH REPORT Process <0.376.0> with 0 neighbours exited with reason: {tcp,econnrefused} in gen_server:init_it/6 line 322
2014-05-20 14:58:18.663 [error] <0.375.0> CRASH REPORT Process <0.375.0> with 0 neighbours exited with reason: {tcp,econnrefused} in gen_server:init_it/6 line 322
2014-05-20 14:58:18.663 [error] <0.374.0> CRASH REPORT Process <0.374.0> with 0 neighbours exited with reason: {tcp,econnrefused} in gen_server:init_it/6 line 322
2014-05-20 14:58:18.663 [error] <0.373.0> CRASH REPORT Process <0.373.0> with 0 neighbours exited with reason: {tcp,econnrefused} in gen_server:init_it/6 line 322
2014-05-20 14:58:19.689 [error] <0.391.0> CRASH REPORT Process <0.391.0> with 0 neighbours exited with reason: {tcp,econnrefused} in gen_server:init_it/6 line 322
2014-05-20 14:58:19.690 [error] <0.390.0> CRASH REPORT Process <0.390.0> with 0 neighbours exited with reason: {tcp,econnrefused} in gen_server:init_it/6 line 322
2014-05-20 14:58:19.690 [error] <0.389.0> CRASH REPORT Process <0.389.0> with 0 neighbours exited with reason: {tcp,econnrefused} in gen_server:init_it/6 line 322
2014-05-20 14:58:19.690 [error] <0.388.0> CRASH REPORT Process <0.388.0> with 0 neighbours exited with reason: {tcp,econnrefused} in gen_server:init_it/6 line 322
2014-05-20 14:58:19.691 [error] <0.387.0> CRASH REPORT Process <0.387.0> with 0 neighbours exited with reason: {tcp,econnrefused} in gen_server:init_it/6 line 322
2014-05-20 14:58:21.741 [error] <0.401.0> CRASH REPORT Process <0.401.0> with 0 neighbours exited with reason: {tcp,econnrefused} in gen_server:init_it/6 line 322
2014-05-20 14:58:21.741 [error] <0.400.0> CRASH REPORT Process <0.400.0> with 0 neighbours exited with reason: {tcp,econnrefused} in gen_server:init_it/6 line 322
2014-05-20 14:58:21.741 [error] <0.399.0> CRASH REPORT Process <0.399.0> with 0 neighbours exited with reason: {tcp,econnrefused} in gen_server:init_it/6 line 322
2014-05-20 14:58:21.741 [error] <0.398.0> CRASH REPORT Process <0.398.0> with 0 neighbours exited with reason: {tcp,econnrefused} in gen_server:init_it/6 line 322
2014-05-20 14:58:21.742 [error] <0.397.0> CRASH REPORT Process <0.397.0> with 0 neighbours exited with reason: {tcp,econnrefused} in gen_server:init_it/6 line 322
2014-05-20 14:58:25.840 [error] <0.411.0> CRASH REPORT Process <0.411.0> with 0 neighbours exited with reason: {tcp,econnrefused} in gen_server:init_it/6 line 322
2014-05-20 14:58:25.840 [error] <0.409.0> CRASH REPORT Process <0.409.0> with 0 neighbours exited with reason: {tcp,econnrefused} in gen_server:init_it/6 line 322
2014-05-20 14:58:25.840 [error] <0.410.0> CRASH REPORT Process <0.410.0> with 0 neighbours exited with reason: {tcp,econnrefused} in gen_server:init_it/6 line 322
2014-05-20 14:58:25.841 [error] <0.407.0> CRASH REPORT Process <0.407.0> with 0 neighbours exited with reason: {tcp,econnrefused} in gen_server:init_it/6 line 322
2014-05-20 14:58:25.841 [error] <0.408.0> CRASH REPORT Process <0.408.0> with 0 neighbours exited with reason: {tcp,econnrefused} in gen_server:init_it/6 line 322
2014-05-20 14:58:34.035 [error] <0.421.0> CRASH REPORT Process <0.421.0> with 0 neighbours exited with reason: {tcp,econnrefused} in gen_server:init_it/6 line 322
2014-05-20 14:58:34.036 [error] <0.420.0> CRASH REPORT Process <0.420.0> with 0 neighbours exited with reason: {tcp,econnrefused} in gen_server:init_it/6 line 322
2014-05-20 14:58:34.036 [error] <0.417.0> CRASH REPORT Process <0.417.0> with 0 neighbours exited with reason: {tcp,econnrefused} in gen_server:init_it/6 line 322
2014-05-20 14:58:34.036 [error] <0.418.0> CRASH REPORT Process <0.418.0> with 0 neighbours exited with reason: {tcp,econnrefused} in gen_server:init_it/6 line 322
2014-05-20 14:58:34.036 [error] <0.419.0> CRASH REPORT Process <0.419.0> with 0 neighbours exited with reason: {tcp,econnrefused} in gen_server:init_it/6 line 322
2014-05-20 14:58:44.039 [error] <0.431.0> CRASH REPORT Process <0.431.0> with 0 neighbours exited with reason: {tcp,econnrefused} in gen_server:init_it/6 line 322
2014-05-20 14:58:44.039 [error] <0.430.0> CRASH REPORT Process <0.430.0> with 0 neighbours exited with reason: {tcp,econnrefused} in gen_server:init_it/6 line 322
2014-05-20 14:58:44.039 [error] <0.429.0> CRASH REPORT Process <0.429.0> with 0 neighbours exited with reason: {tcp,econnrefused} in gen_server:init_it/6 line 322
2014-05-20 14:58:44.039 [error] <0.428.0> CRASH REPORT Process <0.428.0> with 0 neighbours exited with reason: {tcp,econnrefused} in gen_server:init_it/6 line 322
2014-05-20 14:58:44.039 [error] <0.427.0> CRASH REPORT Process <0.427.0> with 0 neighbours exited with reason: {tcp,econnrefused} in gen_server:init_it/6 line 322
2014-05-20 14:59:20.005 [error] <0.107.0> CRASH REPORT Process <0.107.0> with 0 neighbours exited with reason: {tcp,econnrefused} in gen_server:init_it/6 line 322
2014-05-20 14:59:20.005 [error] <0.106.0> CRASH REPORT Process <0.106.0> with 0 neighbours exited with reason: {tcp,econnrefused} in gen_server:init_it/6 line 322
2014-05-20 14:59:20.005 [error] <0.105.0> CRASH REPORT Process <0.105.0> with 0 neighbours exited with reason: {tcp,econnrefused} in gen_server:init_it/6 line 322
2014-05-20 14:59:20.006 [error] <0.104.0> CRASH REPORT Process <0.104.0> with 0 neighbours exited with reason: {tcp,econnrefused} in gen_server:init_it/6 line 322
2014-05-20 14:59:20.006 [error] <0.103.0> CRASH REPORT Process <0.103.0> with 0 neighbours exited with reason: {tcp,econnrefused} in gen_server:init_it/6 line 322
2014-05-20 14:59:20.008 [error] <0.119.0> CRASH REPORT Process <0.119.0> with 0 neighbours exited with reason: {tcp,econnrefused} in gen_server:init_it/6 line 322
2014-05-20 14:59:20.008 [error] <0.116.0> CRASH REPORT Process <0.116.0> with 0 neighbours exited with reason: {tcp,econnrefused} in gen_server:init_it/6 line 322
2014-05-20 14:59:20.008 [error] <0.118.0> CRASH REPORT Process <0.118.0> with 0 neighbours exited with reason: {tcp,econnrefused} in gen_server:init_it/6 line 322
2014-05-20 14:59:20.009 [error] <0.115.0> CRASH REPORT Process <0.115.0> with 0 neighbours exited with reason: {tcp,econnrefused} in gen_server:init_it/6 line 322
2014-05-20 14:59:20.009 [error] <0.117.0> CRASH REPORT Process <0.117.0> with 0 neighbours exited with reason: {tcp,econnrefused} in gen_server:init_it/6 line 322
2014-05-20 14:59:20.014 [error] <0.129.0> CRASH REPORT Process <0.129.0> with 0 neighbours exited with reason: {tcp,econnrefused} in gen_server:init_it/6 line 322
2014-05-20 14:59:20.014 [error] <0.128.0> CRASH REPORT Process <0.128.0> with 0 neighbours exited with reason: {tcp,econnrefused} in gen_server:init_it/6 line 322
2014-05-20 14:59:20.015 [error] <0.127.0> CRASH REPORT Process <0.127.0> with 0 neighbours exited with reason: {tcp,econnrefused} in gen_server:init_it/6 line 322
2014-05-20 14:59:20.015 [error] <0.126.0> CRASH REPORT Process <0.126.0> with 0 neighbours exited with reason: {tcp,econnrefused} in gen_server:init_it/6 line 322
2014-05-20 14:59:20.015 [error] <0.125.0> CRASH REPORT Process <0.125.0> with 0 neighbours exited with reason: {tcp,econnrefused} in gen_server:init_it/6 line 322
2014-05-20 14:59:20.022 [error] <0.139.0> CRASH REPORT Process <0.139.0> with 0 neighbours exited with reason: {tcp,econnrefused} in gen_server:init_it/6 line 322
2014-05-20 14:59:20.022 [error] <0.137.0> CRASH REPORT Process <0.137.0> with 0 neighbours exited with reason: {tcp,econnrefused} in gen_server:init_it/6 line 322
2014-05-20 14:59:20.022 [error] <0.136.0> CRASH REPORT Process <0.136.0> with 0 neighbours exited with reason: {tcp,econnrefused} in gen_server:init_it/6 line 322
2014-05-20 14:59:20.022 [error] <0.138.0> CRASH REPORT Process <0.138.0> with 0 neighbours exited with reason: {tcp,econnrefused} in gen_server:init_it/6 line 322
2014-05-20 14:59:20.022 [error] <0.135.0> CRASH REPORT Process <0.135.0> with 0 neighbours exited with reason: {tcp,econnrefused} in gen_server:init_it/6 line 322
2014-05-20 14:59:20.033 [error] <0.148.0> CRASH REPORT Process <0.148.0> with 0 neighbours exited with reason: {tcp,econnrefused} in gen_server:init_it/6 line 322
2014-05-20 14:59:20.033 [error] <0.149.0> CRASH REPORT Process <0.149.0> with 0 neighbours exited with reason: {tcp,econnrefused} in gen_server:init_it/6 line 322
2014-05-20 14:59:20.033 [error] <0.147.0> CRASH REPORT Process <0.147.0> with 0 neighbours exited with reason: {tcp,econnrefused} in gen_server:init_it/6 line 322
2014-05-20 14:59:20.033 [error] <0.150.0> CRASH REPORT Process <0.150.0> with 0 neighbours exited with reason: {tcp,econnrefused} in gen_server:init_it/6 line 322
2014-05-20 14:59:20.033 [error] <0.146.0> CRASH REPORT Process <0.146.0> with 0 neighbours exited with reason: {tcp,econnrefused} in gen_server:init_it/6 line 322
2014-05-20 14:59:20.051 [error] <0.161.0> CRASH REPORT Process <0.161.0> with 0 neighbours exited with reason: {tcp,econnrefused} in gen_server:init_it/6 line 322
2014-05-20 14:59:20.051 [error] <0.160.0> CRASH REPORT Process <0.160.0> with 0 neighbours exited with reason: {tcp,econnrefused} in gen_server:init_it/6 line 322
2014-05-20 14:59:20.051 [error] <0.157.0> CRASH REPORT Process <0.157.0> with 0 neighbours exited with reason: {tcp,econnrefused} in gen_server:init_it/6 line 322
2014-05-20 14:59:20.051 [error] <0.159.0> CRASH REPORT Process <0.159.0> with 0 neighbours exited with reason: {tcp,econnrefused} in gen_server:init_it/6 line 322
2014-05-20 14:59:20.051 [error] <0.158.0> CRASH REPORT Process <0.158.0> with 0 neighbours exited with reason: {tcp,econnrefused} in gen_server:init_it/6 line 322
2014-05-20 14:59:20.087 [error] <0.175.0> CRASH REPORT Process <0.175.0> with 0 neighbours exited with reason: {tcp,econnrefused} in gen_server:init_it/6 line 322
2014-05-20 14:59:20.087 [error] <0.171.0> CRASH REPORT Process <0.171.0> with 0 neighbours exited with reason: {tcp,econnrefused} in gen_server:init_it/6 line 322
2014-05-20 14:59:20.087 [error] <0.174.0> CRASH REPORT Process <0.174.0> with 0 neighbours exited with reason: {tcp,econnrefused} in gen_server:init_it/6 line 322
2014-05-20 14:59:20.087 [error] <0.172.0> CRASH REPORT Process <0.172.0> with 0 neighbours exited with reason: {tcp,econnrefused} in gen_server:init_it/6 line 322
2014-05-20 14:59:20.087 [error] <0.173.0> CRASH REPORT Process <0.173.0> with 0 neighbours exited with reason: {tcp,econnrefused} in gen_server:init_it/6 line 322
2014-05-20 14:59:20.154 [error] <0.214.0> CRASH REPORT Process <0.214.0> with 0 neighbours exited with reason: {tcp,econnrefused} in gen_server:init_it/6 line 322
2014-05-20 14:59:20.154 [error] <0.213.0> CRASH REPORT Process <0.213.0> with 0 neighbours exited with reason: {tcp,econnrefused} in gen_server:init_it/6 line 322
2014-05-20 14:59:20.154 [error] <0.212.0> CRASH REPORT Process <0.212.0> with 0 neighbours exited with reason: {tcp,econnrefused} in gen_server:init_it/6 line 322
2014-05-20 14:59:20.154 [error] <0.211.0> CRASH REPORT Process <0.211.0> with 0 neighbours exited with reason: {tcp,econnrefused} in gen_server:init_it/6 line 322
2014-05-20 14:59:20.155 [error] <0.210.0> CRASH REPORT Process <0.210.0> with 0 neighbours exited with reason: {tcp,econnrefused} in gen_server:init_it/6 line 322
2014-05-20 14:59:20.285 [error] <0.238.0> CRASH REPORT Process <0.238.0> with 0 neighbours exited with reason: {tcp,econnrefused} in gen_server:init_it/6 line 322
2014-05-20 14:59:20.285 [error] <0.237.0> CRASH REPORT Process <0.237.0> with 0 neighbours exited with reason: {tcp,econnrefused} in gen_server:init_it/6 line 322
2014-05-20 14:59:20.285 [error] <0.236.0> CRASH REPORT Process <0.236.0> with 0 neighbours exited with reason: {tcp,econnrefused} in gen_server:init_it/6 line 322
2014-05-20 14:59:20.285 [error] <0.235.0> CRASH REPORT Process <0.235.0> with 0 neighbours exited with reason: {tcp,econnrefused} in gen_server:init_it/6 line 322
2014-05-20 14:59:20.286 [error] <0.234.0> CRASH REPORT Process <0.234.0> with 0 neighbours exited with reason: {tcp,econnrefused} in gen_server:init_it/6 line 322
2014-05-20 14:59:21.060 [error] <0.374.0> CRASH REPORT Process <0.374.0> with 0 neighbours exited with reason: {tcp,econnrefused} in gen_server:init_it/6 line 322
2014-05-20 14:59:21.060 [error] <0.378.0> CRASH REPORT Process <0.378.0> with 0 neighbours exited with reason: {tcp,econnrefused} in gen_server:init_it/6 line 322
2014-05-20 14:59:21.060 [error] <0.375.0> CRASH REPORT Process <0.375.0> with 0 neighbours exited with reason: {tcp,econnrefused} in gen_server:init_it/6 line 322
2014-05-20 14:59:21.061 [error] <0.377.0> CRASH REPORT Process <0.377.0> with 0 neighbours exited with reason: {tcp,econnrefused} in gen_server:init_it/6 line 322
2014-05-20 14:59:21.061 [error] <0.376.0> CRASH REPORT Process <0.376.0> with 0 neighbours exited with reason: {tcp,econnrefused} in gen_server:init_it/6 line 322
2014-05-20 14:59:22.086 [error] <0.388.0> CRASH REPORT Process <0.388.0> with 0 neighbours exited with reason: {tcp,econnrefused} in gen_server:init_it/6 line 322
2014-05-20 14:59:22.086 [error] <0.389.0> CRASH REPORT Process <0.389.0> with 0 neighbours exited with reason: {tcp,econnrefused} in gen_server:init_it/6 line 322
2014-05-20 14:59:22.087 [error] <0.386.0> CRASH REPORT Process <0.386.0> with 0 neighbours exited with reason: {tcp,econnrefused} in gen_server:init_it/6 line 322
2014-05-20 14:59:22.087 [error] <0.387.0> CRASH REPORT Process <0.387.0> with 0 neighbours exited with reason: {tcp,econnrefused} in gen_server:init_it/6 line 322
2014-05-20 14:59:22.088 [error] <0.391.0> CRASH REPORT Process <0.391.0> with 0 neighbours exited with reason: {tcp,econnrefused} in gen_server:init_it/6 line 322
2014-05-20 14:59:24.136 [error] <0.396.0> CRASH REPORT Process <0.396.0> with 0 neighbours exited with reason: {tcp,econnrefused} in gen_server:init_it/6 line 322
2014-05-20 14:59:24.136 [error] <0.397.0> CRASH REPORT Process <0.397.0> with 0 neighbours exited with reason: {tcp,econnrefused} in gen_server:init_it/6 line 322
2014-05-20 14:59:24.136 [error] <0.395.0> CRASH REPORT Process <0.395.0> with 0 neighbours exited with reason: {tcp,econnrefused} in gen_server:init_it/6 line 322
2014-05-20 14:59:24.138 [error] <0.401.0> CRASH REPORT Process <0.401.0> with 0 neighbours exited with reason: {tcp,econnrefused} in gen_server:init_it/6 line 322
2014-05-20 14:59:24.138 [error] <0.400.0> CRASH REPORT Process <0.400.0> with 0 neighbours exited with reason: {tcp,econnrefused} in gen_server:init_it/6 line 322
2014-05-20 15:02:30.297 [error] <0.107.0> CRASH REPORT Process <0.107.0> with 0 neighbours exited with reason: {tcp,econnrefused} in gen_server:init_it/6 line 322
2014-05-20 15:02:30.298 [error] <0.106.0> CRASH REPORT Process <0.106.0> with 0 neighbours exited with reason: {tcp,econnrefused} in gen_server:init_it/6 line 322
2014-05-20 15:02:30.298 [error] <0.105.0> CRASH REPORT Process <0.105.0> with 0 neighbours exited with reason: {tcp,econnrefused} in gen_server:init_it/6 line 322
2014-05-20 15:02:30.298 [error] <0.104.0> CRASH REPORT Process <0.104.0> with 0 neighbours exited with reason: {tcp,econnrefused} in gen_server:init_it/6 line 322
2014-05-20 15:02:30.298 [error] <0.103.0> CRASH REPORT Process <0.103.0> with 0 neighbours exited with reason: {tcp,econnrefused} in gen_server:init_it/6 line 322
2014-05-20 15:02:30.301 [error] <0.117.0> CRASH REPORT Process <0.117.0> with 0 neighbours exited with reason: {tcp,econnrefused} in gen_server:init_it/6 line 322
2014-05-20 15:02:30.301 [error] <0.119.0> CRASH REPORT Process <0.119.0> with 0 neighbours exited with reason: {tcp,econnrefused} in gen_server:init_it/6 line 322
2014-05-20 15:02:30.301 [error] <0.118.0> CRASH REPORT Process <0.118.0> with 0 neighbours exited with reason: {tcp,econnrefused} in gen_server:init_it/6 line 322
2014-05-20 15:02:30.301 [error] <0.115.0> CRASH REPORT Process <0.115.0> with 0 neighbours exited with reason: {tcp,econnrefused} in gen_server:init_it/6 line 322
2014-05-20 15:02:30.302 [error] <0.116.0> CRASH REPORT Process <0.116.0> with 0 neighbours exited with reason: {tcp,econnrefused} in gen_server:init_it/6 line 322
2014-05-20 15:02:30.305 [error] <0.129.0> CRASH REPORT Process <0.129.0> with 0 neighbours exited with reason: {tcp,econnrefused} in gen_server:init_it/6 line 322
2014-05-20 15:02:30.306 [error] <0.128.0> CRASH REPORT Process <0.128.0> with 0 neighbours exited with reason: {tcp,econnrefused} in gen_server:init_it/6 line 322
2014-05-20 15:02:30.306 [error] <0.125.0> CRASH REPORT Process <0.125.0> with 0 neighbours exited with reason: {tcp,econnrefused} in gen_server:init_it/6 line 322
2014-05-20 15:02:30.306 [error] <0.127.0> CRASH REPORT Process <0.127.0> with 0 neighbours exited with reason: {tcp,econnrefused} in gen_server:init_it/6 line 322
2014-05-20 15:02:30.306 [error] <0.126.0> CRASH REPORT Process <0.126.0> with 0 neighbours exited with reason: {tcp,econnrefused} in gen_server:init_it/6 line 322
2014-05-20 15:02:30.313 [error] <0.139.0> CRASH REPORT Process <0.139.0> with 0 neighbours exited with reason: {tcp,econnrefused} in gen_server:init_it/6 line 322
2014-05-20 15:02:30.313 [error] <0.138.0> CRASH REPORT Process <0.138.0> with 0 neighbours exited with reason: {tcp,econnrefused} in gen_server:init_it/6 line 322
2014-05-20 15:02:30.313 [error] <0.136.0> CRASH REPORT Process <0.136.0> with 0 neighbours exited with reason: {tcp,econnrefused} in gen_server:init_it/6 line 322
2014-05-20 15:02:30.313 [error] <0.137.0> CRASH REPORT Process <0.137.0> with 0 neighbours exited with reason: {tcp,econnrefused} in gen_server:init_it/6 line 322
2014-05-20 15:02:30.314 [error] <0.135.0> CRASH REPORT Process <0.135.0> with 0 neighbours exited with reason: {tcp,econnrefused} in gen_server:init_it/6 line 322
2014-05-20 15:02:30.324 [error] <0.148.0> CRASH REPORT Process <0.148.0> with 0 neighbours exited with reason: {tcp,econnrefused} in gen_server:init_it/6 line 322
2014-05-20 15:02:30.324 [error] <0.149.0> CRASH REPORT Process <0.149.0> with 0 neighbours exited with reason: {tcp,econnrefused} in gen_server:init_it/6 line 322
2014-05-20 15:02:30.324 [error] <0.146.0> CRASH REPORT Process <0.146.0> with 0 neighbours exited with reason: {tcp,econnrefused} in gen_server:init_it/6 line 322
2014-05-20 15:02:30.325 [error] <0.147.0> CRASH REPORT Process <0.147.0> with 0 neighbours exited with reason: {tcp,econnrefused} in gen_server:init_it/6 line 322
2014-05-20 15:02:30.325 [error] <0.145.0> CRASH REPORT Process <0.145.0> with 0 neighbours exited with reason: {tcp,econnrefused} in gen_server:init_it/6 line 322
2014-05-20 15:02:30.343 [error] <0.160.0> CRASH REPORT Process <0.160.0> with 0 neighbours exited with reason: {tcp,econnrefused} in gen_server:init_it/6 line 322
2014-05-20 15:02:30.344 [error] <0.159.0> CRASH REPORT Process <0.159.0> with 0 neighbours exited with reason: {tcp,econnrefused} in gen_server:init_it/6 line 322
2014-05-20 15:02:30.344 [error] <0.158.0> CRASH REPORT Process <0.158.0> with 0 neighbours exited with reason: {tcp,econnrefused} in gen_server:init_it/6 line 322
2014-05-20 15:02:30.344 [error] <0.157.0> CRASH REPORT Process <0.157.0> with 0 neighbours exited with reason: {tcp,econnrefused} in gen_server:init_it/6 line 322
2014-05-20 15:02:30.344 [error] <0.156.0> CRASH REPORT Process <0.156.0> with 0 neighbours exited with reason: {tcp,econnrefused} in gen_server:init_it/6 line 322
2014-05-20 15:02:30.377 [error] <0.188.0> CRASH REPORT Process <0.188.0> with 0 neighbours exited with reason: {tcp,econnrefused} in gen_server:init_it/6 line 322
2014-05-20 15:02:30.378 [error] <0.187.0> CRASH REPORT Process <0.187.0> with 0 neighbours exited with reason: {tcp,econnrefused} in gen_server:init_it/6 line 322
2014-05-20 15:02:30.380 [error] <0.194.0> CRASH REPORT Process <0.194.0> with 0 neighbours exited with reason: {tcp,econnrefused} in gen_server:init_it/6 line 322
2014-05-20 15:02:30.380 [error] <0.193.0> CRASH REPORT Process <0.193.0> with 0 neighbours exited with reason: {tcp,econnrefused} in gen_server:init_it/6 line 322
2014-05-20 15:02:30.380 [error] <0.192.0> CRASH REPORT Process <0.192.0> with 0 neighbours exited with reason: {tcp,econnrefused} in gen_server:init_it/6 line 322
2014-05-20 15:02:30.443 [error] <0.204.0> CRASH REPORT Process <0.204.0> with 0 neighbours exited with reason: {tcp,econnrefused} in gen_server:init_it/6 line 322
2014-05-20 15:02:30.443 [error] <0.203.0> CRASH REPORT Process <0.203.0> with 0 neighbours exited with reason: {tcp,econnrefused} in gen_server:init_it/6 line 322
2014-05-20 15:02:30.447 [error] <0.210.0> CRASH REPORT Process <0.210.0> with 0 neighbours exited with reason: {tcp,econnrefused} in gen_server:init_it/6 line 322
2014-05-20 15:02:30.447 [error] <0.209.0> CRASH REPORT Process <0.209.0> with 0 neighbours exited with reason: {tcp,econnrefused} in gen_server:init_it/6 line 322
2014-05-20 15:02:30.448 [error] <0.208.0> CRASH REPORT Process <0.208.0> with 0 neighbours exited with reason: {tcp,econnrefused} in gen_server:init_it/6 line 322
2014-05-20 15:02:30.574 [error] <0.232.0> CRASH REPORT Process <0.232.0> with 0 neighbours exited with reason: {tcp,econnrefused} in gen_server:init_it/6 line 322
2014-05-20 15:02:30.574 [error] <0.231.0> CRASH REPORT Process <0.231.0> with 0 neighbours exited with reason: {tcp,econnrefused} in gen_server:init_it/6 line 322
2014-05-20 15:02:30.580 [error] <0.238.0> CRASH REPORT Process <0.238.0> with 0 neighbours exited with reason: {tcp,econnrefused} in gen_server:init_it/6 line 322
2014-05-20 15:02:30.581 [error] <0.237.0> CRASH REPORT Process <0.237.0> with 0 neighbours exited with reason: {tcp,econnrefused} in gen_server:init_it/6 line 322
2014-05-20 15:02:30.581 [error] <0.234.0> CRASH REPORT Process <0.234.0> with 0 neighbours exited with reason: {tcp,econnrefused} in gen_server:init_it/6 line 322
2014-05-20 15:02:31.347 [error] <0.372.0> CRASH REPORT Process <0.372.0> with 0 neighbours exited with reason: {tcp,econnrefused} in gen_server:init_it/6 line 322
2014-05-20 15:02:31.347 [error] <0.371.0> CRASH REPORT Process <0.371.0> with 0 neighbours exited with reason: {tcp,econnrefused} in gen_server:init_it/6 line 322
2014-05-20 15:02:31.353 [error] <0.378.0> CRASH REPORT Process <0.378.0> with 0 neighbours exited with reason: {tcp,econnrefused} in gen_server:init_it/6 line 322
2014-05-20 15:02:31.353 [error] <0.377.0> CRASH REPORT Process <0.377.0> with 0 neighbours exited with reason: {tcp,econnrefused} in gen_server:init_it/6 line 322
2014-05-20 15:02:31.353 [error] <0.376.0> CRASH REPORT Process <0.376.0> with 0 neighbours exited with reason: {tcp,econnrefused} in gen_server:init_it/6 line 322
2014-05-20 15:02:32.373 [error] <0.385.0> CRASH REPORT Process <0.385.0> with 0 neighbours exited with reason: {tcp,econnrefused} in gen_server:init_it/6 line 322
2014-05-20 15:02:32.374 [error] <0.384.0> CRASH REPORT Process <0.384.0> with 0 neighbours exited with reason: {tcp,econnrefused} in gen_server:init_it/6 line 322
2014-05-20 15:02:32.380 [error] <0.391.0> CRASH REPORT Process <0.391.0> with 0 neighbours exited with reason: {tcp,econnrefused} in gen_server:init_it/6 line 322
2014-05-20 15:02:32.380 [error] <0.390.0> CRASH REPORT Process <0.390.0> with 0 neighbours exited with reason: {tcp,econnrefused} in gen_server:init_it/6 line 322
2014-05-20 15:02:32.381 [error] <0.389.0> CRASH REPORT Process <0.389.0> with 0 neighbours exited with reason: {tcp,econnrefused} in gen_server:init_it/6 line 322
2014-05-20 15:02:34.425 [error] <0.395.0> CRASH REPORT Process <0.395.0> with 0 neighbours exited with reason: {tcp,econnrefused} in gen_server:init_it/6 line 322
2014-05-20 15:02:34.425 [error] <0.394.0> CRASH REPORT Process <0.394.0> with 0 neighbours exited with reason: {tcp,econnrefused} in gen_server:init_it/6 line 322
2014-05-20 15:02:34.430 [error] <0.401.0> CRASH REPORT Process <0.401.0> with 0 neighbours exited with reason: {tcp,econnrefused} in gen_server:init_it/6 line 322
2014-05-20 15:02:34.430 [error] <0.400.0> CRASH REPORT Process <0.400.0> with 0 neighbours exited with reason: {tcp,econnrefused} in gen_server:init_it/6 line 322
2014-05-20 15:02:34.431 [error] <0.399.0> CRASH REPORT Process <0.399.0> with 0 neighbours exited with reason: {tcp,econnrefused} in gen_server:init_it/6 line 322
2014-05-20 15:05:07.438 [error] <0.103.0> gen_server <0.103.0> terminated with reason: disconnected
2014-05-20 15:05:07.438 [error] <0.103.0> CRASH REPORT Process <0.103.0> with 0 neighbours exited with reason: disconnected in gen_server:terminate/6 line 746
2014-05-20 15:05:34.983 [error] <0.287.0> GET /user/login [feed_eater_erlang] 404 0ms
2014-05-20 15:05:49.539 [error] <0.117.0> gen_server <0.117.0> terminated with reason: disconnected
2014-05-20 15:05:49.539 [error] <0.117.0> CRASH REPORT Process <0.117.0> with 0 neighbours exited with reason: disconnected in gen_server:terminate/6 line 746
2014-05-20 15:05:49.542 [error] <0.290.0> CRASH REPORT Process <0.290.0> with 0 neighbours exited with reason: {tcp,econnrefused} in gen_server:init_it/6 line 322
2014-05-20 15:05:49.546 [error] <0.292.0> CRASH REPORT Process <0.292.0> with 0 neighbours exited with reason: {tcp,econnrefused} in gen_server:init_it/6 line 322
2014-05-20 15:05:49.552 [error] <0.294.0> CRASH REPORT Process <0.294.0> with 0 neighbours exited with reason: {tcp,econnrefused} in gen_server:init_it/6 line 322
2014-05-20 15:05:49.584 [error] <0.296.0> CRASH REPORT Process <0.296.0> with 0 neighbours exited with reason: {tcp,econnrefused} in gen_server:init_it/6 line 322
2014-05-20 15:05:49.599 [error] <0.107.0> gen_server <0.107.0> terminated with reason: disconnected
2014-05-20 15:05:49.599 [error] <0.107.0> CRASH REPORT Process <0.107.0> with 0 neighbours exited with reason: disconnected in gen_server:terminate/6 line 746
2014-05-20 15:05:49.605 [error] <0.300.0> CRASH REPORT Process <0.300.0> with 0 neighbours exited with reason: {tcp,econnrefused} in gen_server:init_it/6 line 322
2014-05-20 15:05:49.605 [error] <0.298.0> CRASH REPORT Process <0.298.0> with 0 neighbours exited with reason: {tcp,econnrefused} in gen_server:init_it/6 line 322
2014-05-20 15:05:49.615 [error] <0.302.0> CRASH REPORT Process <0.302.0> with 0 neighbours exited with reason: {tcp,econnrefused} in gen_server:init_it/6 line 322
2014-05-20 15:05:49.624 [error] <0.304.0> CRASH REPORT Process <0.304.0> with 0 neighbours exited with reason: {tcp,econnrefused} in gen_server:init_it/6 line 322
2014-05-20 15:05:49.634 [error] <0.306.0> CRASH REPORT Process <0.306.0> with 0 neighbours exited with reason: {tcp,econnrefused} in gen_server:init_it/6 line 322
2014-05-20 15:05:49.638 [error] <0.308.0> CRASH REPORT Process <0.308.0> with 0 neighbours exited with reason: {tcp,econnrefused} in gen_server:init_it/6 line 322
2014-05-20 15:05:49.645 [error] <0.106.0> gen_server <0.106.0> terminated with reason: disconnected
2014-05-20 15:05:49.645 [error] <0.106.0> CRASH REPORT Process <0.106.0> with 0 neighbours exited with reason: disconnected in gen_server:terminate/6 line 746
2014-05-20 15:05:49.647 [error] <0.310.0> CRASH REPORT Process <0.310.0> with 0 neighbours exited with reason: {tcp,econnrefused} in gen_server:init_it/6 line 322
2014-05-20 15:05:49.648 [error] <0.105.0> gen_server <0.105.0> terminated with reason: disconnected
2014-05-20 15:05:49.648 [error] <0.105.0> CRASH REPORT Process <0.105.0> with 0 neighbours exited with reason: disconnected in gen_server:terminate/6 line 746
2014-05-20 15:05:49.652 [error] <0.316.0> CRASH REPORT Process <0.316.0> with 0 neighbours exited with reason: {tcp,econnrefused} in gen_server:init_it/6 line 322
2014-05-20 15:05:49.652 [error] <0.315.0> CRASH REPORT Process <0.315.0> with 0 neighbours exited with reason: {tcp,econnrefused} in gen_server:init_it/6 line 322
2014-05-20 15:05:49.652 [error] <0.314.0> CRASH REPORT Process <0.314.0> with 0 neighbours exited with reason: {tcp,econnrefused} in gen_server:init_it/6 line 322
2014-05-20 15:05:49.655 [error] <0.318.0> CRASH REPORT Process <0.318.0> with 0 neighbours exited with reason: {tcp,econnrefused} in gen_server:init_it/6 line 322
2014-05-20 15:05:49.656 [error] <0.104.0> gen_server <0.104.0> terminated with reason: disconnected
2014-05-20 15:05:49.657 [error] <0.104.0> CRASH REPORT Process <0.104.0> with 0 neighbours exited with reason: disconnected in gen_server:terminate/6 line 746
2014-05-20 15:05:49.658 [error] <0.320.0> CRASH REPORT Process <0.320.0> with 0 neighbours exited with reason: {tcp,econnrefused} in gen_server:init_it/6 line 322
2014-05-20 15:05:49.659 [error] <0.322.0> CRASH REPORT Process <0.322.0> with 0 neighbours exited with reason: {tcp,econnrefused} in gen_server:init_it/6 line 322
2014-05-20 15:05:49.662 [error] <0.324.0> CRASH REPORT Process <0.324.0> with 0 neighbours exited with reason: {tcp,econnrefused} in gen_server:init_it/6 line 322
2014-05-20 15:05:49.663 [error] <0.326.0> CRASH REPORT Process <0.326.0> with 0 neighbours exited with reason: {tcp,econnrefused} in gen_server:init_it/6 line 322
2014-05-20 15:05:49.667 [error] <0.328.0> CRASH REPORT Process <0.328.0> with 0 neighbours exited with reason: {tcp,econnrefused} in gen_server:init_it/6 line 322
2014-05-20 15:05:49.670 [error] <0.330.0> CRASH REPORT Process <0.330.0> with 0 neighbours exited with reason: {tcp,econnrefused} in gen_server:init_it/6 line 322
2014-05-20 15:05:49.672 [error] <0.332.0> CRASH REPORT Process <0.332.0> with 0 neighbours exited with reason: {tcp,econnrefused} in gen_server:init_it/6 line 322
2014-05-20 15:05:49.680 [error] <0.334.0> CRASH REPORT Process <0.334.0> with 0 neighbours exited with reason: {tcp,econnrefused} in gen_server:init_it/6 line 322
2014-05-20 15:05:49.687 [error] <0.338.0> CRASH REPORT Process <0.338.0> with 0 neighbours exited with reason: {tcp,econnrefused} in gen_server:init_it/6 line 322
2014-05-20 15:05:49.688 [error] <0.337.0> CRASH REPORT Process <0.337.0> with 0 neighbours exited with reason: {tcp,econnrefused} in gen_server:init_it/6 line 322
2014-05-20 15:05:49.690 [error] <0.340.0> CRASH REPORT Process <0.340.0> with 0 neighbours exited with reason: {tcp,econnrefused} in gen_server:init_it/6 line 322
2014-05-20 15:05:49.698 [error] <0.342.0> CRASH REPORT Process <0.342.0> with 0 neighbours exited with reason: {tcp,econnrefused} in gen_server:init_it/6 line 322
2014-05-20 15:05:49.704 [error] <0.344.0> CRASH REPORT Process <0.344.0> with 0 neighbours exited with reason: {tcp,econnrefused} in gen_server:init_it/6 line 322
2014-05-20 15:05:49.723 [error] <0.346.0> CRASH REPORT Process <0.346.0> with 0 neighbours exited with reason: {tcp,econnrefused} in gen_server:init_it/6 line 322
2014-05-20 15:05:49.724 [error] <0.348.0> CRASH REPORT Process <0.348.0> with 0 neighbours exited with reason: {tcp,econnrefused} in gen_server:init_it/6 line 322
2014-05-20 15:05:49.732 [error] <0.350.0> CRASH REPORT Process <0.350.0> with 0 neighbours exited with reason: {tcp,econnrefused} in gen_server:init_it/6 line 322
2014-05-20 15:05:49.754 [error] <0.352.0> CRASH REPORT Process <0.352.0> with 0 neighbours exited with reason: {tcp,econnrefused} in gen_server:init_it/6 line 322
2014-05-20 15:05:49.789 [error] <0.354.0> CRASH REPORT Process <0.354.0> with 0 neighbours exited with reason: {tcp,econnrefused} in gen_server:init_it/6 line 322
2014-05-20 15:05:49.791 [error] <0.356.0> CRASH REPORT Process <0.356.0> with 0 neighbours exited with reason: {tcp,econnrefused} in gen_server:init_it/6 line 322
2014-05-20 15:05:49.798 [error] <0.358.0> CRASH REPORT Process <0.358.0> with 0 neighbours exited with reason: {tcp,econnrefused} in gen_server:init_it/6 line 322
2014-05-20 15:05:49.835 [error] <0.360.0> CRASH REPORT Process <0.360.0> with 0 neighbours exited with reason: {tcp,econnrefused} in gen_server:init_it/6 line 322
2014-05-20 15:05:49.884 [error] <0.362.0> CRASH REPORT Process <0.362.0> with 0 neighbours exited with reason: {tcp,econnrefused} in gen_server:init_it/6 line 322
2014-05-20 15:05:49.919 [error] <0.364.0> CRASH REPORT Process <0.364.0> with 0 neighbours exited with reason: {tcp,econnrefused} in gen_server:init_it/6 line 322
2014-05-20 15:05:49.920 [error] <0.366.0> CRASH REPORT Process <0.366.0> with 0 neighbours exited with reason: {tcp,econnrefused} in gen_server:init_it/6 line 322
2014-05-20 15:05:49.948 [error] <0.368.0> CRASH REPORT Process <0.368.0> with 0 neighbours exited with reason: {tcp,econnrefused} in gen_server:init_it/6 line 322
2014-05-20 15:05:50.093 [error] <0.370.0> CRASH REPORT Process <0.370.0> with 0 neighbours exited with reason: {tcp,econnrefused} in gen_server:init_it/6 line 322
2014-05-20 15:05:50.143 [error] <0.372.0> CRASH REPORT Process <0.372.0> with 0 neighbours exited with reason: {tcp,econnrefused} in gen_server:init_it/6 line 322
2014-05-20 15:05:50.177 [error] <0.374.0> CRASH REPORT Process <0.374.0> with 0 neighbours exited with reason: {tcp,econnrefused} in gen_server:init_it/6 line 322
2014-05-20 15:05:50.179 [error] <0.376.0> CRASH REPORT Process <0.376.0> with 0 neighbours exited with reason: {tcp,econnrefused} in gen_server:init_it/6 line 322
2014-05-20 15:05:50.206 [error] <0.378.0> CRASH REPORT Process <0.378.0> with 0 neighbours exited with reason: {tcp,econnrefused} in gen_server:init_it/6 line 322
2014-05-20 15:05:50.607 [error] <0.380.0> CRASH REPORT Process <0.380.0> with 0 neighbours exited with reason: {tcp,econnrefused} in gen_server:init_it/6 line 322
2014-05-20 15:05:50.658 [error] <0.382.0> CRASH REPORT Process <0.382.0> with 0 neighbours exited with reason: {tcp,econnrefused} in gen_server:init_it/6 line 322
2014-05-20 15:05:50.692 [error] <0.384.0> CRASH REPORT Process <0.384.0> with 0 neighbours exited with reason: {tcp,econnrefused} in gen_server:init_it/6 line 322
2014-05-20 15:05:50.695 [error] <0.386.0> CRASH REPORT Process <0.386.0> with 0 neighbours exited with reason: {tcp,econnrefused} in gen_server:init_it/6 line 322
2014-05-20 15:05:50.720 [error] <0.388.0> CRASH REPORT Process <0.388.0> with 0 neighbours exited with reason: {tcp,econnrefused} in gen_server:init_it/6 line 322
2014-05-20 15:05:51.633 [error] <0.390.0> CRASH REPORT Process <0.390.0> with 0 neighbours exited with reason: {tcp,econnrefused} in gen_server:init_it/6 line 322
2014-05-20 15:05:51.684 [error] <0.392.0> CRASH REPORT Process <0.392.0> with 0 neighbours exited with reason: {tcp,econnrefused} in gen_server:init_it/6 line 322
2014-05-20 15:05:51.718 [error] <0.394.0> CRASH REPORT Process <0.394.0> with 0 neighbours exited with reason: {tcp,econnrefused} in gen_server:init_it/6 line 322
2014-05-20 15:05:51.723 [error] <0.396.0> CRASH REPORT Process <0.396.0> with 0 neighbours exited with reason: {tcp,econnrefused} in gen_server:init_it/6 line 322
2014-05-20 15:05:51.747 [error] <0.398.0> CRASH REPORT Process <0.398.0> with 0 neighbours exited with reason: {tcp,econnrefused} in gen_server:init_it/6 line 322
2014-05-20 15:08:12.292 [error] <0.107.0> CRASH REPORT Process <0.107.0> with 0 neighbours exited with reason: {tcp,econnrefused} in gen_server:init_it/6 line 322
2014-05-20 15:08:12.293 [error] <0.106.0> CRASH REPORT Process <0.106.0> with 0 neighbours exited with reason: {tcp,econnrefused} in gen_server:init_it/6 line 322
2014-05-20 15:08:12.293 [error] <0.105.0> CRASH REPORT Process <0.105.0> with 0 neighbours exited with reason: {tcp,econnrefused} in gen_server:init_it/6 line 322
2014-05-20 15:08:12.293 [error] <0.104.0> CRASH REPORT Process <0.104.0> with 0 neighbours exited with reason: {tcp,econnrefused} in gen_server:init_it/6 line 322
2014-05-20 15:08:12.293 [error] <0.103.0> CRASH REPORT Process <0.103.0> with 0 neighbours exited with reason: {tcp,econnrefused} in gen_server:init_it/6 line 322
2014-05-20 15:08:12.297 [error] <0.119.0> CRASH REPORT Process <0.119.0> with 0 neighbours exited with reason: {tcp,econnrefused} in gen_server:init_it/6 line 322
2014-05-20 15:08:12.297 [error] <0.118.0> CRASH REPORT Process <0.118.0> with 0 neighbours exited with reason: {tcp,econnrefused} in gen_server:init_it/6 line 322
2014-05-20 15:08:12.298 [error] <0.117.0> CRASH REPORT Process <0.117.0> with 0 neighbours exited with reason: {tcp,econnrefused} in gen_server:init_it/6 line 322
2014-05-20 15:08:12.298 [error] <0.116.0> CRASH REPORT Process <0.116.0> with 0 neighbours exited with reason: {tcp,econnrefused} in gen_server:init_it/6 line 322
2014-05-20 15:08:12.298 [error] <0.115.0> CRASH REPORT Process <0.115.0> with 0 neighbours exited with reason: {tcp,econnrefused} in gen_server:init_it/6 line 322
2014-05-20 15:08:12.303 [error] <0.129.0> CRASH REPORT Process <0.129.0> with 0 neighbours exited with reason: {tcp,econnrefused} in gen_server:init_it/6 line 322
2014-05-20 15:08:12.303 [error] <0.126.0> CRASH REPORT Process <0.126.0> with 0 neighbours exited with reason: {tcp,econnrefused} in gen_server:init_it/6 line 322
2014-05-20 15:08:12.303 [error] <0.128.0> CRASH REPORT Process <0.128.0> with 0 neighbours exited with reason: {tcp,econnrefused} in gen_server:init_it/6 line 322
2014-05-20 15:08:12.303 [error] <0.127.0> CRASH REPORT Process <0.127.0> with 0 neighbours exited with reason: {tcp,econnrefused} in gen_server:init_it/6 line 322
2014-05-20 15:08:12.303 [error] <0.125.0> CRASH REPORT Process <0.125.0> with 0 neighbours exited with reason: {tcp,econnrefused} in gen_server:init_it/6 line 322
2014-05-20 15:08:12.310 [error] <0.138.0> CRASH REPORT Process <0.138.0> with 0 neighbours exited with reason: {tcp,econnrefused} in gen_server:init_it/6 line 322
2014-05-20 15:08:12.310 [error] <0.137.0> CRASH REPORT Process <0.137.0> with 0 neighbours exited with reason: {tcp,econnrefused} in gen_server:init_it/6 line 322
2014-05-20 15:08:12.310 [error] <0.136.0> CRASH REPORT Process <0.136.0> with 0 neighbours exited with reason: {tcp,econnrefused} in gen_server:init_it/6 line 322
2014-05-20 15:08:12.311 [error] <0.135.0> CRASH REPORT Process <0.135.0> with 0 neighbours exited with reason: {tcp,econnrefused} in gen_server:init_it/6 line 322
2014-05-20 15:08:12.311 [error] <0.139.0> CRASH REPORT Process <0.139.0> with 0 neighbours exited with reason: {tcp,econnrefused} in gen_server:init_it/6 line 322
2014-05-20 15:08:12.322 [error] <0.149.0> CRASH REPORT Process <0.149.0> with 0 neighbours exited with reason: {tcp,econnrefused} in gen_server:init_it/6 line 322
2014-05-20 15:08:12.322 [error] <0.147.0> CRASH REPORT Process <0.147.0> with 0 neighbours exited with reason: {tcp,econnrefused} in gen_server:init_it/6 line 322
2014-05-20 15:08:12.322 [error] <0.146.0> CRASH REPORT Process <0.146.0> with 0 neighbours exited with reason: {tcp,econnrefused} in gen_server:init_it/6 line 322
2014-05-20 15:08:12.323 [error] <0.145.0> CRASH REPORT Process <0.145.0> with 0 neighbours exited with reason: {tcp,econnrefused} in gen_server:init_it/6 line 322
2014-05-20 15:08:12.323 [error] <0.144.0> CRASH REPORT Process <0.144.0> with 0 neighbours exited with reason: {tcp,econnrefused} in gen_server:init_it/6 line 322
2014-05-20 15:08:12.344 [error] <0.159.0> CRASH REPORT Process <0.159.0> with 0 neighbours exited with reason: {tcp,econnrefused} in gen_server:init_it/6 line 322
2014-05-20 15:08:12.344 [error] <0.158.0> CRASH REPORT Process <0.158.0> with 0 neighbours exited with reason: {tcp,econnrefused} in gen_server:init_it/6 line 322
2014-05-20 15:08:12.345 [error] <0.157.0> CRASH REPORT Process <0.157.0> with 0 neighbours exited with reason: {tcp,econnrefused} in gen_server:init_it/6 line 322
2014-05-20 15:08:12.345 [error] <0.156.0> CRASH REPORT Process <0.156.0> with 0 neighbours exited with reason: {tcp,econnrefused} in gen_server:init_it/6 line 322
2014-05-20 15:08:12.345 [error] <0.155.0> CRASH REPORT Process <0.155.0> with 0 neighbours exited with reason: {tcp,econnrefused} in gen_server:init_it/6 line 322
2014-05-20 15:08:12.386 [error] <0.167.0> CRASH REPORT Process <0.167.0> with 0 neighbours exited with reason: {tcp,econnrefused} in gen_server:init_it/6 line 322
2014-05-20 15:08:12.386 [error] <0.170.0> CRASH REPORT Process <0.170.0> with 0 neighbours exited with reason: {tcp,econnrefused} in gen_server:init_it/6 line 322
2014-05-20 15:08:12.387 [error] <0.169.0> CRASH REPORT Process <0.169.0> with 0 neighbours exited with reason: {tcp,econnrefused} in gen_server:init_it/6 line 322
2014-05-20 15:08:12.387 [error] <0.166.0> CRASH REPORT Process <0.166.0> with 0 neighbours exited with reason: {tcp,econnrefused} in gen_server:init_it/6 line 322
2014-05-20 15:08:12.387 [error] <0.168.0> CRASH REPORT Process <0.168.0> with 0 neighbours exited with reason: {tcp,econnrefused} in gen_server:init_it/6 line 322
2014-05-20 15:08:12.472 [error] <0.208.0> CRASH REPORT Process <0.208.0> with 0 neighbours exited with reason: {tcp,econnrefused} in gen_server:init_it/6 line 322
2014-05-20 15:08:12.472 [error] <0.205.0> CRASH REPORT Process <0.205.0> with 0 neighbours exited with reason: {tcp,econnrefused} in gen_server:init_it/6 line 322
2014-05-20 15:08:12.472 [error] <0.206.0> CRASH REPORT Process <0.206.0> with 0 neighbours exited with reason: {tcp,econnrefused} in gen_server:init_it/6 line 322
2014-05-20 15:08:12.473 [error] <0.207.0> CRASH REPORT Process <0.207.0> with 0 neighbours exited with reason: {tcp,econnrefused} in gen_server:init_it/6 line 322
2014-05-20 15:08:12.473 [error] <0.209.0> CRASH REPORT Process <0.209.0> with 0 neighbours exited with reason: {tcp,econnrefused} in gen_server:init_it/6 line 322
2014-05-20 15:08:12.604 [error] <0.238.0> CRASH REPORT Process <0.238.0> with 0 neighbours exited with reason: {tcp,econnrefused} in gen_server:init_it/6 line 322
2014-05-20 15:08:12.604 [error] <0.237.0> CRASH REPORT Process <0.237.0> with 0 neighbours exited with reason: {tcp,econnrefused} in gen_server:init_it/6 line 322
2014-05-20 15:08:12.604 [error] <0.236.0> CRASH REPORT Process <0.236.0> with 0 neighbours exited with reason: {tcp,econnrefused} in gen_server:init_it/6 line 322
2014-05-20 15:08:12.605 [error] <0.235.0> CRASH REPORT Process <0.235.0> with 0 neighbours exited with reason: {tcp,econnrefused} in gen_server:init_it/6 line 322
2014-05-20 15:08:12.605 [error] <0.234.0> CRASH REPORT Process <0.234.0> with 0 neighbours exited with reason: {tcp,econnrefused} in gen_server:init_it/6 line 322
2014-05-20 15:08:13.379 [error] <0.378.0> CRASH REPORT Process <0.378.0> with 0 neighbours exited with reason: {tcp,econnrefused} in gen_server:init_it/6 line 322
2014-05-20 15:08:13.379 [error] <0.376.0> CRASH REPORT Process <0.376.0> with 0 neighbours exited with reason: {tcp,econnrefused} in gen_server:init_it/6 line 322
2014-05-20 15:08:13.379 [error] <0.377.0> CRASH REPORT Process <0.377.0> with 0 neighbours exited with reason: {tcp,econnrefused} in gen_server:init_it/6 line 322
2014-05-20 15:08:13.379 [error] <0.375.0> CRASH REPORT Process <0.375.0> with 0 neighbours exited with reason: {tcp,econnrefused} in gen_server:init_it/6 line 322
2014-05-20 15:08:13.379 [error] <0.374.0> CRASH REPORT Process <0.374.0> with 0 neighbours exited with reason: {tcp,econnrefused} in gen_server:init_it/6 line 322
2014-05-20 15:08:14.405 [error] <0.391.0> CRASH REPORT Process <0.391.0> with 0 neighbours exited with reason: {tcp,econnrefused} in gen_server:init_it/6 line 322
2014-05-20 15:08:14.405 [error] <0.389.0> CRASH REPORT Process <0.389.0> with 0 neighbours exited with reason: {tcp,econnrefused} in gen_server:init_it/6 line 322
2014-05-20 15:08:14.405 [error] <0.387.0> CRASH REPORT Process <0.387.0> with 0 neighbours exited with reason: {tcp,econnrefused} in gen_server:init_it/6 line 322
2014-05-20 15:08:14.406 [error] <0.388.0> CRASH REPORT Process <0.388.0> with 0 neighbours exited with reason: {tcp,econnrefused} in gen_server:init_it/6 line 322
2014-05-20 15:08:14.406 [error] <0.390.0> CRASH REPORT Process <0.390.0> with 0 neighbours exited with reason: {tcp,econnrefused} in gen_server:init_it/6 line 322
2014-05-20 15:08:16.457 [error] <0.400.0> CRASH REPORT Process <0.400.0> with 0 neighbours exited with reason: {tcp,econnrefused} in gen_server:init_it/6 line 322
2014-05-20 15:08:16.457 [error] <0.401.0> CRASH REPORT Process <0.401.0> with 0 neighbours exited with reason: {tcp,econnrefused} in gen_server:init_it/6 line 322
2014-05-20 15:08:16.457 [error] <0.399.0> CRASH REPORT Process <0.399.0> with 0 neighbours exited with reason: {tcp,econnrefused} in gen_server:init_it/6 line 322
2014-05-20 15:08:16.457 [error] <0.398.0> CRASH REPORT Process <0.398.0> with 0 neighbours exited with reason: {tcp,econnrefused} in gen_server:init_it/6 line 322
2014-05-20 15:08:16.457 [error] <0.397.0> CRASH REPORT Process <0.397.0> with 0 neighbours exited with reason: {tcp,econnrefused} in gen_server:init_it/6 line 322
2014-05-20 15:08:20.556 [error] <0.411.0> CRASH REPORT Process <0.411.0> with 0 neighbours exited with reason: {tcp,econnrefused} in gen_server:init_it/6 line 322
2014-05-20 15:08:20.556 [error] <0.410.0> CRASH REPORT Process <0.410.0> with 0 neighbours exited with reason: {tcp,econnrefused} in gen_server:init_it/6 line 322
2014-05-20 15:08:20.556 [error] <0.407.0> CRASH REPORT Process <0.407.0> with 0 neighbours exited with reason: {tcp,econnrefused} in gen_server:init_it/6 line 322
2014-05-20 15:08:20.557 [error] <0.409.0> CRASH REPORT Process <0.409.0> with 0 neighbours exited with reason: {tcp,econnrefused} in gen_server:init_it/6 line 322
2014-05-20 15:08:20.557 [error] <0.408.0> CRASH REPORT Process <0.408.0> with 0 neighbours exited with reason: {tcp,econnrefused} in gen_server:init_it/6 line 322
2014-05-20 16:20:26.904 [error] <0.107.0> CRASH REPORT Process <0.107.0> with 0 neighbours exited with reason: {tcp,econnrefused} in gen_server:init_it/6 line 322
2014-05-20 16:20:26.904 [error] <0.106.0> CRASH REPORT Process <0.106.0> with 0 neighbours exited with reason: {tcp,econnrefused} in gen_server:init_it/6 line 322
2014-05-20 16:20:26.905 [error] <0.105.0> CRASH REPORT Process <0.105.0> with 0 neighbours exited with reason: {tcp,econnrefused} in gen_server:init_it/6 line 322
2014-05-20 16:20:26.905 [error] <0.104.0> CRASH REPORT Process <0.104.0> with 0 neighbours exited with reason: {tcp,econnrefused} in gen_server:init_it/6 line 322
2014-05-20 16:20:26.905 [error] <0.103.0> CRASH REPORT Process <0.103.0> with 0 neighbours exited with reason: {tcp,econnrefused} in gen_server:init_it/6 line 322
2014-05-20 16:20:26.909 [error] <0.119.0> CRASH REPORT Process <0.119.0> with 0 neighbours exited with reason: {tcp,econnrefused} in gen_server:init_it/6 line 322
2014-05-20 16:20:26.909 [error] <0.118.0> CRASH REPORT Process <0.118.0> with 0 neighbours exited with reason: {tcp,econnrefused} in gen_server:init_it/6 line 322
2014-05-20 16:20:26.910 [error] <0.117.0> CRASH REPORT Process <0.117.0> with 0 neighbours exited with reason: {tcp,econnrefused} in gen_server:init_it/6 line 322
2014-05-20 16:20:26.910 [error] <0.115.0> CRASH REPORT Process <0.115.0> with 0 neighbours exited with reason: {tcp,econnrefused} in gen_server:init_it/6 line 322
2014-05-20 16:20:26.910 [error] <0.116.0> CRASH REPORT Process <0.116.0> with 0 neighbours exited with reason: {tcp,econnrefused} in gen_server:init_it/6 line 322
2014-05-20 16:20:26.918 [error] <0.129.0> CRASH REPORT Process <0.129.0> with 0 neighbours exited with reason: {tcp,econnrefused} in gen_server:init_it/6 line 322
2014-05-20 16:20:26.918 [error] <0.128.0> CRASH REPORT Process <0.128.0> with 0 neighbours exited with reason: {tcp,econnrefused} in gen_server:init_it/6 line 322
2014-05-20 16:20:26.919 [error] <0.127.0> CRASH REPORT Process <0.127.0> with 0 neighbours exited with reason: {tcp,econnrefused} in gen_server:init_it/6 line 322
2014-05-20 16:20:26.919 [error] <0.126.0> CRASH REPORT Process <0.126.0> with 0 neighbours exited with reason: {tcp,econnrefused} in gen_server:init_it/6 line 322
2014-05-20 16:20:26.919 [error] <0.125.0> CRASH REPORT Process <0.125.0> with 0 neighbours exited with reason: {tcp,econnrefused} in gen_server:init_it/6 line 322
2014-05-20 16:20:26.924 [error] <0.135.0> CRASH REPORT Process <0.135.0> with 0 neighbours exited with reason: {tcp,econnrefused} in gen_server:init_it/6 line 322
2014-05-20 16:20:26.925 [error] <0.134.0> CRASH REPORT Process <0.134.0> with 0 neighbours exited with reason: {tcp,econnrefused} in gen_server:init_it/6 line 322
2014-05-20 16:20:26.925 [error] <0.133.0> CRASH REPORT Process <0.133.0> with 0 neighbours exited with reason: {tcp,econnrefused} in gen_server:init_it/6 line 322
2014-05-20 16:20:26.927 [error] <0.139.0> CRASH REPORT Process <0.139.0> with 0 neighbours exited with reason: {tcp,econnrefused} in gen_server:init_it/6 line 322
2014-05-20 16:20:26.927 [error] <0.138.0> CRASH REPORT Process <0.138.0> with 0 neighbours exited with reason: {tcp,econnrefused} in gen_server:init_it/6 line 322
2014-05-20 16:20:26.935 [error] <0.146.0> CRASH REPORT Process <0.146.0> with 0 neighbours exited with reason: {tcp,econnrefused} in gen_server:init_it/6 line 322
2014-05-20 16:20:26.935 [error] <0.144.0> CRASH REPORT Process <0.144.0> with 0 neighbours exited with reason: {tcp,econnrefused} in gen_server:init_it/6 line 322
2014-05-20 16:20:26.935 [error] <0.145.0> CRASH REPORT Process <0.145.0> with 0 neighbours exited with reason: {tcp,econnrefused} in gen_server:init_it/6 line 322
2014-05-20 16:20:26.937 [error] <0.150.0> CRASH REPORT Process <0.150.0> with 0 neighbours exited with reason: {tcp,econnrefused} in gen_server:init_it/6 line 322
2014-05-20 16:20:26.938 [error] <0.149.0> CRASH REPORT Process <0.149.0> with 0 neighbours exited with reason: {tcp,econnrefused} in gen_server:init_it/6 line 322
2014-05-20 16:20:26.954 [error] <0.157.0> CRASH REPORT Process <0.157.0> with 0 neighbours exited with reason: {tcp,econnrefused} in gen_server:init_it/6 line 322
2014-05-20 16:20:26.955 [error] <0.160.0> CRASH REPORT Process <0.160.0> with 0 neighbours exited with reason: {tcp,econnrefused} in gen_server:init_it/6 line 322
2014-05-20 16:20:26.955 [error] <0.158.0> CRASH REPORT Process <0.158.0> with 0 neighbours exited with reason: {tcp,econnrefused} in gen_server:init_it/6 line 322
2014-05-20 16:20:26.955 [error] <0.156.0> CRASH REPORT Process <0.156.0> with 0 neighbours exited with reason: {tcp,econnrefused} in gen_server:init_it/6 line 322
2014-05-20 16:20:26.956 [error] <0.164.0> CRASH REPORT Process <0.164.0> with 0 neighbours exited with reason: {tcp,econnrefused} in gen_server:init_it/6 line 322
2014-05-20 16:20:26.989 [error] <0.173.0> CRASH REPORT Process <0.173.0> with 0 neighbours exited with reason: {tcp,econnrefused} in gen_server:init_it/6 line 322
2014-05-20 16:20:26.990 [error] <0.172.0> CRASH REPORT Process <0.172.0> with 0 neighbours exited with reason: {tcp,econnrefused} in gen_server:init_it/6 line 322
2014-05-20 16:20:26.990 [error] <0.171.0> CRASH REPORT Process <0.171.0> with 0 neighbours exited with reason: {tcp,econnrefused} in gen_server:init_it/6 line 322
2014-05-20 16:20:26.990 [error] <0.170.0> CRASH REPORT Process <0.170.0> with 0 neighbours exited with reason: {tcp,econnrefused} in gen_server:init_it/6 line 322
2014-05-20 16:20:26.992 [error] <0.175.0> CRASH REPORT Process <0.175.0> with 0 neighbours exited with reason: {tcp,econnrefused} in gen_server:init_it/6 line 322
2014-05-20 16:20:27.056 [error] <0.204.0> CRASH REPORT Process <0.204.0> with 0 neighbours exited with reason: {tcp,econnrefused} in gen_server:init_it/6 line 322
2014-05-20 16:20:27.056 [error] <0.207.0> CRASH REPORT Process <0.207.0> with 0 neighbours exited with reason: {tcp,econnrefused} in gen_server:init_it/6 line 322
2014-05-20 16:20:27.056 [error] <0.206.0> CRASH REPORT Process <0.206.0> with 0 neighbours exited with reason: {tcp,econnrefused} in gen_server:init_it/6 line 322
2014-05-20 16:20:27.057 [error] <0.205.0> CRASH REPORT Process <0.205.0> with 0 neighbours exited with reason: {tcp,econnrefused} in gen_server:init_it/6 line 322
2014-05-20 16:20:27.058 [error] <0.209.0> CRASH REPORT Process <0.209.0> with 0 neighbours exited with reason: {tcp,econnrefused} in gen_server:init_it/6 line 322
2014-05-20 16:20:27.189 [error] <0.224.0> CRASH REPORT Process <0.224.0> with 0 neighbours exited with reason: {tcp,econnrefused} in gen_server:init_it/6 line 322
2014-05-20 16:20:27.189 [error] <0.222.0> CRASH REPORT Process <0.222.0> with 0 neighbours exited with reason: {tcp,econnrefused} in gen_server:init_it/6 line 322
2014-05-20 16:20:27.189 [error] <0.223.0> CRASH REPORT Process <0.223.0> with 0 neighbours exited with reason: {tcp,econnrefused} in gen_server:init_it/6 line 322
2014-05-20 16:20:27.190 [error] <0.221.0> CRASH REPORT Process <0.221.0> with 0 neighbours exited with reason: {tcp,econnrefused} in gen_server:init_it/6 line 322
2014-05-20 16:20:27.190 [error] <0.226.0> CRASH REPORT Process <0.226.0> with 0 neighbours exited with reason: {tcp,econnrefused} in gen_server:init_it/6 line 322
2014-05-20 16:20:28.993 [error] <0.391.0> CRASH REPORT Process <0.391.0> with 0 neighbours exited with reason: {tcp,econnrefused} in gen_server:init_it/6 line 322
2014-05-20 16:20:28.993 [error] <0.390.0> CRASH REPORT Process <0.390.0> with 0 neighbours exited with reason: {tcp,econnrefused} in gen_server:init_it/6 line 322
2014-05-20 16:20:28.993 [error] <0.389.0> CRASH REPORT Process <0.389.0> with 0 neighbours exited with reason: {tcp,econnrefused} in gen_server:init_it/6 line 322
2014-05-20 16:20:28.993 [error] <0.388.0> CRASH REPORT Process <0.388.0> with 0 neighbours exited with reason: {tcp,econnrefused} in gen_server:init_it/6 line 322
2014-05-20 16:20:28.994 [error] <0.387.0> CRASH REPORT Process <0.387.0> with 0 neighbours exited with reason: {tcp,econnrefused} in gen_server:init_it/6 line 322
2014-05-20 16:20:31.044 [error] <0.401.0> CRASH REPORT Process <0.401.0> with 0 neighbours exited with reason: {tcp,econnrefused} in gen_server:init_it/6 line 322
2014-05-20 16:20:31.045 [error] <0.400.0> CRASH REPORT Process <0.400.0> with 0 neighbours exited with reason: {tcp,econnrefused} in gen_server:init_it/6 line 322
2014-05-20 16:20:31.045 [error] <0.399.0> CRASH REPORT Process <0.399.0> with 0 neighbours exited with reason: {tcp,econnrefused} in gen_server:init_it/6 line 322
2014-05-20 16:20:31.045 [error] <0.398.0> CRASH REPORT Process <0.398.0> with 0 neighbours exited with reason: {tcp,econnrefused} in gen_server:init_it/6 line 322
2014-05-20 16:20:31.045 [error] <0.397.0> CRASH REPORT Process <0.397.0> with 0 neighbours exited with reason: {tcp,econnrefused} in gen_server:init_it/6 line 322
2014-05-20 16:20:35.144 [error] <0.411.0> CRASH REPORT Process <0.411.0> with 0 neighbours exited with reason: {tcp,econnrefused} in gen_server:init_it/6 line 322
2014-05-20 16:20:35.144 [error] <0.410.0> CRASH REPORT Process <0.410.0> with 0 neighbours exited with reason: {tcp,econnrefused} in gen_server:init_it/6 line 322
2014-05-20 16:20:35.145 [error] <0.409.0> CRASH REPORT Process <0.409.0> with 0 neighbours exited with reason: {tcp,econnrefused} in gen_server:init_it/6 line 322
2014-05-20 16:20:35.145 [error] <0.408.0> CRASH REPORT Process <0.408.0> with 0 neighbours exited with reason: {tcp,econnrefused} in gen_server:init_it/6 line 322
2014-05-20 16:20:35.145 [error] <0.407.0> CRASH REPORT Process <0.407.0> with 0 neighbours exited with reason: {tcp,econnrefused} in gen_server:init_it/6 line 322
2014-05-20 17:06:21.722 [error] <0.106.0> CRASH REPORT Process <0.106.0> with 0 neighbours exited with reason: {tcp,econnrefused} in gen_server:init_it/6 line 322
2014-05-20 17:06:21.723 [error] <0.107.0> CRASH REPORT Process <0.107.0> with 0 neighbours exited with reason: {tcp,econnrefused} in gen_server:init_it/6 line 322
2014-05-20 17:06:21.723 [error] <0.105.0> CRASH REPORT Process <0.105.0> with 0 neighbours exited with reason: {tcp,econnrefused} in gen_server:init_it/6 line 322
2014-05-20 17:06:21.723 [error] <0.104.0> CRASH REPORT Process <0.104.0> with 0 neighbours exited with reason: {tcp,econnrefused} in gen_server:init_it/6 line 322
2014-05-20 17:06:21.723 [error] <0.103.0> CRASH REPORT Process <0.103.0> with 0 neighbours exited with reason: {tcp,econnrefused} in gen_server:init_it/6 line 322
2014-05-20 17:06:21.727 [error] <0.117.0> CRASH REPORT Process <0.117.0> with 0 neighbours exited with reason: {tcp,econnrefused} in gen_server:init_it/6 line 322
2014-05-20 17:06:21.727 [error] <0.118.0> CRASH REPORT Process <0.118.0> with 0 neighbours exited with reason: {tcp,econnrefused} in gen_server:init_it/6 line 322
2014-05-20 17:06:21.727 [error] <0.119.0> CRASH REPORT Process <0.119.0> with 0 neighbours exited with reason: {tcp,econnrefused} in gen_server:init_it/6 line 322
2014-05-20 17:06:21.728 [error] <0.115.0> CRASH REPORT Process <0.115.0> with 0 neighbours exited with reason: {tcp,econnrefused} in gen_server:init_it/6 line 322
2014-05-20 17:06:21.728 [error] <0.116.0> CRASH REPORT Process <0.116.0> with 0 neighbours exited with reason: {tcp,econnrefused} in gen_server:init_it/6 line 322
2014-05-20 17:06:21.733 [error] <0.128.0> CRASH REPORT Process <0.128.0> with 0 neighbours exited with reason: {tcp,econnrefused} in gen_server:init_it/6 line 322
2014-05-20 17:06:21.733 [error] <0.127.0> CRASH REPORT Process <0.127.0> with 0 neighbours exited with reason: {tcp,econnrefused} in gen_server:init_it/6 line 322
2014-05-20 17:06:21.733 [error] <0.129.0> CRASH REPORT Process <0.129.0> with 0 neighbours exited with reason: {tcp,econnrefused} in gen_server:init_it/6 line 322
2014-05-20 17:06:21.734 [error] <0.125.0> CRASH REPORT Process <0.125.0> with 0 neighbours exited with reason: {tcp,econnrefused} in gen_server:init_it/6 line 322
2014-05-20 17:06:21.734 [error] <0.126.0> CRASH REPORT Process <0.126.0> with 0 neighbours exited with reason: {tcp,econnrefused} in gen_server:init_it/6 line 322
2014-05-20 17:06:21.740 [error] <0.139.0> CRASH REPORT Process <0.139.0> with 0 neighbours exited with reason: {tcp,econnrefused} in gen_server:init_it/6 line 322
2014-05-20 17:06:21.740 [error] <0.138.0> CRASH REPORT Process <0.138.0> with 0 neighbours exited with reason: {tcp,econnrefused} in gen_server:init_it/6 line 322
2014-05-20 17:06:21.740 [error] <0.135.0> CRASH REPORT Process <0.135.0> with 0 neighbours exited with reason: {tcp,econnrefused} in gen_server:init_it/6 line 322
2014-05-20 17:06:21.741 [error] <0.136.0> CRASH REPORT Process <0.136.0> with 0 neighbours exited with reason: {tcp,econnrefused} in gen_server:init_it/6 line 322
2014-05-20 17:06:21.741 [error] <0.137.0> CRASH REPORT Process <0.137.0> with 0 neighbours exited with reason: {tcp,econnrefused} in gen_server:init_it/6 line 322
2014-05-20 17:06:21.752 [error] <0.149.0> CRASH REPORT Process <0.149.0> with 0 neighbours exited with reason: {tcp,econnrefused} in gen_server:init_it/6 line 322
2014-05-20 17:06:21.752 [error] <0.147.0> CRASH REPORT Process <0.147.0> with 0 neighbours exited with reason: {tcp,econnrefused} in gen_server:init_it/6 line 322
2014-05-20 17:06:21.752 [error] <0.146.0> CRASH REPORT Process <0.146.0> with 0 neighbours exited with reason: {tcp,econnrefused} in gen_server:init_it/6 line 322
2014-05-20 17:06:21.753 [error] <0.145.0> CRASH REPORT Process <0.145.0> with 0 neighbours exited with reason: {tcp,econnrefused} in gen_server:init_it/6 line 322
2014-05-20 17:06:21.753 [error] <0.144.0> CRASH REPORT Process <0.144.0> with 0 neighbours exited with reason: {tcp,econnrefused} in gen_server:init_it/6 line 322
2014-05-20 17:06:21.771 [error] <0.159.0> CRASH REPORT Process <0.159.0> with 0 neighbours exited with reason: {tcp,econnrefused} in gen_server:init_it/6 line 322
2014-05-20 17:06:21.772 [error] <0.158.0> CRASH REPORT Process <0.158.0> with 0 neighbours exited with reason: {tcp,econnrefused} in gen_server:init_it/6 line 322
2014-05-20 17:06:21.772 [error] <0.157.0> CRASH REPORT Process <0.157.0> with 0 neighbours exited with reason: {tcp,econnrefused} in gen_server:init_it/6 line 322
2014-05-20 17:06:21.772 [error] <0.156.0> CRASH REPORT Process <0.156.0> with 0 neighbours exited with reason: {tcp,econnrefused} in gen_server:init_it/6 line 322
2014-05-20 17:06:21.772 [error] <0.155.0> CRASH REPORT Process <0.155.0> with 0 neighbours exited with reason: {tcp,econnrefused} in gen_server:init_it/6 line 322
2014-05-20 17:06:21.806 [error] <0.174.0> CRASH REPORT Process <0.174.0> with 0 neighbours exited with reason: {tcp,econnrefused} in gen_server:init_it/6 line 322
2014-05-20 17:06:21.807 [error] <0.173.0> CRASH REPORT Process <0.173.0> with 0 neighbours exited with reason: {tcp,econnrefused} in gen_server:init_it/6 line 322
2014-05-20 17:06:21.807 [error] <0.172.0> CRASH REPORT Process <0.172.0> with 0 neighbours exited with reason: {tcp,econnrefused} in gen_server:init_it/6 line 322
2014-05-20 17:06:21.807 [error] <0.171.0> CRASH REPORT Process <0.171.0> with 0 neighbours exited with reason: {tcp,econnrefused} in gen_server:init_it/6 line 322
2014-05-20 17:06:21.808 [error] <0.170.0> CRASH REPORT Process <0.170.0> with 0 neighbours exited with reason: {tcp,econnrefused} in gen_server:init_it/6 line 322
2014-05-20 17:06:21.873 [error] <0.206.0> CRASH REPORT Process <0.206.0> with 0 neighbours exited with reason: {tcp,econnrefused} in gen_server:init_it/6 line 322
2014-05-20 17:06:21.873 [error] <0.205.0> CRASH REPORT Process <0.205.0> with 0 neighbours exited with reason: {tcp,econnrefused} in gen_server:init_it/6 line 322
2014-05-20 17:06:21.874 [error] <0.203.0> CRASH REPORT Process <0.203.0> with 0 neighbours exited with reason: {tcp,econnrefused} in gen_server:init_it/6 line 322
2014-05-20 17:06:21.874 [error] <0.202.0> CRASH REPORT Process <0.202.0> with 0 neighbours exited with reason: {tcp,econnrefused} in gen_server:init_it/6 line 322
2014-05-20 17:06:21.874 [error] <0.204.0> CRASH REPORT Process <0.204.0> with 0 neighbours exited with reason: {tcp,econnrefused} in gen_server:init_it/6 line 322
2014-05-20 17:06:22.004 [error] <0.237.0> CRASH REPORT Process <0.237.0> with 0 neighbours exited with reason: {tcp,econnrefused} in gen_server:init_it/6 line 322
2014-05-20 17:06:22.004 [error] <0.234.0> CRASH REPORT Process <0.234.0> with 0 neighbours exited with reason: {tcp,econnrefused} in gen_server:init_it/6 line 322
2014-05-20 17:06:22.004 [error] <0.236.0> CRASH REPORT Process <0.236.0> with 0 neighbours exited with reason: {tcp,econnrefused} in gen_server:init_it/6 line 322
2014-05-20 17:06:22.005 [error] <0.235.0> CRASH REPORT Process <0.235.0> with 0 neighbours exited with reason: {tcp,econnrefused} in gen_server:init_it/6 line 322
2014-05-20 17:06:22.005 [error] <0.233.0> CRASH REPORT Process <0.233.0> with 0 neighbours exited with reason: {tcp,econnrefused} in gen_server:init_it/6 line 322
2014-05-20 17:06:23.806 [error] <0.387.0> CRASH REPORT Process <0.387.0> with 0 neighbours exited with reason: {tcp,econnrefused} in gen_server:init_it/6 line 322
2014-05-20 17:06:23.806 [error] <0.391.0> CRASH REPORT Process <0.391.0> with 0 neighbours exited with reason: {tcp,econnrefused} in gen_server:init_it/6 line 322
2014-05-20 17:06:23.806 [error] <0.390.0> CRASH REPORT Process <0.390.0> with 0 neighbours exited with reason: {tcp,econnrefused} in gen_server:init_it/6 line 322
2014-05-20 17:06:23.806 [error] <0.389.0> CRASH REPORT Process <0.389.0> with 0 neighbours exited with reason: {tcp,econnrefused} in gen_server:init_it/6 line 322
2014-05-20 17:06:23.806 [error] <0.388.0> CRASH REPORT Process <0.388.0> with 0 neighbours exited with reason: {tcp,econnrefused} in gen_server:init_it/6 line 322
2014-05-20 17:06:25.857 [error] <0.401.0> CRASH REPORT Process <0.401.0> with 0 neighbours exited with reason: {tcp,econnrefused} in gen_server:init_it/6 line 322
2014-05-20 17:06:25.857 [error] <0.399.0> CRASH REPORT Process <0.399.0> with 0 neighbours exited with reason: {tcp,econnrefused} in gen_server:init_it/6 line 322
2014-05-20 17:06:25.857 [error] <0.400.0> CRASH REPORT Process <0.400.0> with 0 neighbours exited with reason: {tcp,econnrefused} in gen_server:init_it/6 line 322
2014-05-20 17:06:25.857 [error] <0.398.0> CRASH REPORT Process <0.398.0> with 0 neighbours exited with reason: {tcp,econnrefused} in gen_server:init_it/6 line 322
2014-05-20 17:06:25.857 [error] <0.397.0> CRASH REPORT Process <0.397.0> with 0 neighbours exited with reason: {tcp,econnrefused} in gen_server:init_it/6 line 322
2014-05-20 17:12:02.430 [error] <0.286.0>@boss_web_controller:call_controller_action:366 Error in controller error undef [{bcrypt,gen_salt,[],[]},{feed_eater_erlang_user_controller,register,3,[{file,"/Users/ramonlong/src/fetish-storm/feed_eater_erlang/src/controller/feed_eater_erlang_user_controller.erl"},{line,28}]},{boss_web_controller,call_controller_action,3,[{file,"src/boss/boss_web_controller.erl"},{line,363}]},{boss_web_controller,apply_action,4,[{file,"src/boss/boss_web_controller.erl"},{line,355}]},{boss_web_controller,execute_action_inner,9,[{file,"src/boss/boss_web_controller.erl"},{line,334}]},{boss_web_controller_handle_request,process_dynamic_request,4,[{file,"src/boss/boss_web_controller_handle_request.erl"},{line,242}]},{boss_web_controller_handle_request,process_request,4,[{file,"src/boss/boss_web_controller_handle_request.erl"},{line,228}]},{boss_web_controller_handle_request,set_timer,7,[{file,"src/boss/boss_web_controller_handle_request.erl"},{line,148}]}]
2014-05-20 17:24:11.205 [error] <0.292.0>@boss_web_controller:call_controller_action:366 Error in controller error undef [{bcrypt,gen_salt,[],[]},{feed_eater_erlang_user_controller,register,3,[{file,"/Users/ramonlong/src/fetish-storm/feed_eater_erlang/src/controller/feed_eater_erlang_user_controller.erl"},{line,28}]},{boss_web_controller,call_controller_action,3,[{file,"src/boss/boss_web_controller.erl"},{line,363}]},{boss_web_controller,apply_action,4,[{file,"src/boss/boss_web_controller.erl"},{line,355}]},{boss_web_controller,execute_action_inner,9,[{file,"src/boss/boss_web_controller.erl"},{line,334}]},{boss_web_controller_handle_request,process_dynamic_request,4,[{file,"src/boss/boss_web_controller_handle_request.erl"},{line,242}]},{boss_web_controller_handle_request,process_request,4,[{file,"src/boss/boss_web_controller_handle_request.erl"},{line,228}]},{boss_web_controller_handle_request,set_timer,7,[{file,"src/boss/boss_web_controller_handle_request.erl"},{line,148}]}]
2014-05-20 17:34:50.537 [error] <0.94.0>@boss_load:compile_and_accumulate_errors:261 Compile Error, "src/lib/user_lib.erl" -> [{"/Users/ramonlong/src/fetish-storm/feed_eater_erlang/src/lib/user_lib.erl",[{4,erl_parse,["syntax error before: ","':'"]},{5,erl_parse,["syntax error before: ","':'"]}]}]
2014-05-20 17:34:50.537 [error] <0.94.0>@boss_load:make_all_modules:88 Load Module Error lib_modules : [[{"/Users/ramonlong/src/fetish-storm/feed_eater_erlang/src/lib/user_lib.erl",[{4,erl_parse,["syntax error before: ","':'"]},{5,erl_parse,["syntax error before: ","':'"]}]}]]
2014-05-20 17:35:13.924 [error] <0.281.0>@boss_load:compile_and_accumulate_errors:261 Compile Error, "src/lib/user_lib.erl" -> [{"/Users/ramonlong/src/fetish-storm/feed_eater_erlang/src/lib/user_lib.erl",[{4,erl_parse,["syntax error before: ","':'"]},{5,erl_parse,["syntax error before: ","':'"]}]}]
2014-05-20 17:35:55.406 [error] <0.284.0>@boss_load:compile_and_accumulate_errors:261 Compile Error, "src/lib/user_lib.erl" -> [{"/Users/ramonlong/src/fetish-storm/feed_eater_erlang/src/lib/user_lib.erl",[{5,erl_parse,["syntax error before: ","':'"]}]}]
2014-05-20 17:36:07.285 [error] <0.287.0>@boss_load:compile_and_accumulate_errors:261 Compile Error, "src/lib/user_lib.erl" -> [{"/Users/ramonlong/src/fetish-storm/feed_eater_erlang/src/lib/user_lib.erl",[{5,erl_parse,["syntax error before: ","':'"]}]}]
2014-05-20 17:36:11.725 [error] <0.289.0>@boss_load:compile_and_accumulate_errors:261 Compile Error, "src/lib/user_lib.erl" -> [{"/Users/ramonlong/src/fetish-storm/feed_eater_erlang/src/lib/user_lib.erl",[{5,erl_parse,["syntax error before: ","':'"]}]}]
2014-05-20 17:36:56.758 [error] <0.298.0>@boss_web_controller:call_controller_action:366 Error in controller error undef [{bcrypt,gen_salt,[],[]},{feed_eater_erlang_user_controller,register,3,[{file,"/Users/ramonlong/src/fetish-storm/feed_eater_erlang/src/controller/feed_eater_erlang_user_controller.erl"},{line,28}]},{boss_web_controller,call_controller_action,3,[{file,"src/boss/boss_web_controller.erl"},{line,363}]},{boss_web_controller,apply_action,4,[{file,"src/boss/boss_web_controller.erl"},{line,355}]},{boss_web_controller,execute_action_inner,9,[{file,"src/boss/boss_web_controller.erl"},{line,334}]},{boss_web_controller_handle_request,process_dynamic_request,4,[{file,"src/boss/boss_web_controller_handle_request.erl"},{line,242}]},{boss_web_controller_handle_request,process_request,4,[{file,"src/boss/boss_web_controller_handle_request.erl"},{line,228}]},{boss_web_controller_handle_request,set_timer,7,[{file,"src/boss/boss_web_controller_handle_request.erl"},{line,148}]}]
2014-05-20 17:44:35.254 [error] <0.300.0>@boss_web_controller:call_controller_action:366 Error in controller error undef [{bcrypt,gen_salt,[],[]},{feed_eater_erlang_user_controller,register,3,[{file,"/Users/ramonlong/src/fetish-storm/feed_eater_erlang/src/controller/feed_eater_erlang_user_controller.erl"},{line,28}]},{boss_web_controller,call_controller_action,3,[{file,"src/boss/boss_web_controller.erl"},{line,363}]},{boss_web_controller,apply_action,4,[{file,"src/boss/boss_web_controller.erl"},{line,355}]},{boss_web_controller,execute_action_inner,9,[{file,"src/boss/boss_web_controller.erl"},{line,334}]},{boss_web_controller_handle_request,process_dynamic_request,4,[{file,"src/boss/boss_web_controller_handle_request.erl"},{line,242}]},{boss_web_controller_handle_request,process_request,4,[{file,"src/boss/boss_web_controller_handle_request.erl"},{line,228}]},{boss_web_controller_handle_request,set_timer,7,[{file,"src/boss/boss_web_controller_handle_request.erl"},{line,148}]}]
2014-05-20 17:44:44.176 [error] <0.304.0> GET /user/login [feed_eater_erlang] 404 0ms
2014-05-20 17:45:57.665 [error] <0.98.0> gen_server <0.98.0> terminated with reason: no match of right hand value {error,<<"Unknown message code.">>} in boss_db_adapter_riak:get_keys/3 line 88
2014-05-20 17:45:57.665 [error] <0.98.0> CRASH REPORT Process <0.98.0> with 0 neighbours exited with reason: no match of right hand value {error,<<"Unknown message code.">>} in boss_db_adapter_riak:get_keys/3 line 88 in gen_server:terminate/6 line 746
2014-05-20 17:45:57.666 [error] <0.97.0> Supervisor {<0.97.0>,poolboy_sup} had child boss_db_controller started with {boss_db_controller,start_link,undefined} at <0.98.0> exit with reason no match of right hand value {error,<<"Unknown message code.">>} in boss_db_adapter_riak:get_keys/3 line 88 in context child_terminated
2014-05-20 17:45:57.666 [error] <0.309.0>@boss_web_controller:call_controller_action:366 Error in controller exit {{{badmatch,{error,<<"Unknown message code.">>}},[{boss_db_adapter_riak,get_keys,3,[{file,"src/db_adapters/boss_db_adapter_riak.erl"},{line,88}]},{boss_db_adapter_riak,find,7,[{file,"src/db_adapters/boss_db_adapter_riak.erl"},{line,64}]},{boss_db_controller,handle_call,3,[{file,"src/boss_db_controller.erl"},{line,122}]},{gen_server,handle_msg,5,[{file,"gen_server.erl"},{line,580}]},{proc_lib,init_p_do_apply,3,[{file,"proc_lib.erl"},{line,239}]}]},{gen_server,call,[<0.98.0>,{find,feed_eater_erlang_user,[{username,equals,"admin"}],all,0,id,ascending,[]},30000]}} [{gen_server,call,3,[{file,"gen_server.erl"},{line,190}]},{boss_pool,call,3,[{file,"src/boss_pool.erl"},{line,12}]},{feed_eater_erlang_user_controller,login,3,[{file,"/Users/ramonlong/src/fetish-storm/feed_eater_erlang/src/controller/feed_eater_erlang_user_controller.erl"},{line,9}]},{boss_web_controller,call_controller_action,3,[{file,"src/boss/boss_web_controller.erl"},{line,363}]},{boss_web_controller,apply_action,4,[{file,"src/boss/boss_web_controller.erl"},{line,355}]},{boss_web_controller,execute_action_inner,9,[{file,"src/boss/boss_web_controller.erl"},{line,334}]},{boss_web_controller_handle_request,process_dynamic_request,4,[{file,"src/boss/boss_web_controller_handle_request.erl"},{line,242}]},{boss_web_controller_handle_request,process_request,4,[{file,"src/boss/boss_web_controller_handle_request.erl"},{line,228}]}]
2014-05-21 00:08:25.760 [error] <0.94.0>@boss_load:compile_and_accumulate_errors:264 Compile Error, "src/controller/feed_eater_erlang_user_controller.erl" -> [{"/Users/ramonlong/src/fetish-storm/feed_eater_erlang/src/controller/feed_eater_erlang_user_controller.erl",[{11,erl_lint,{unbound_var,'User'}},{30,erl_lint,{unbound_var,'User'}}]}]
2014-05-21 00:08:25.760 [error] <0.94.0>@boss_load:make_all_modules:88 Load Module Error controller_modules : [{"/Users/ramonlong/src/fetish-storm/feed_eater_erlang/src/controller/feed_eater_erlang_user_controller.erl",[{11,erl_lint,{unbound_var,'User'}},{30,erl_lint,{unbound_var,'User'}}]}]
2014-05-21 00:08:37.727 [error] <0.273.0>@boss_load:compile_and_accumulate_errors:264 Compile Error, "src/controller/feed_eater_erlang_user_controller.erl" -> [{"/Users/ramonlong/src/fetish-storm/feed_eater_erlang/src/controller/feed_eater_erlang_user_controller.erl",[{11,erl_lint,{unbound_var,'User'}},{30,erl_lint,{unbound_var,'User'}}]}]
2014-05-21 00:10:07.540 [error] <0.277.0>@boss_load:compile_and_accumulate_errors:264 Compile Error, "src/controller/feed_eater_erlang_user_controller.erl" -> [{"/Users/ramonlong/src/fetish-storm/feed_eater_erlang/src/controller/feed_eater_erlang_user_controller.erl",[{30,erl_lint,{unbound_var,'User'}}]}]
2014-05-21 00:11:24.373 [error] <0.281.0>@boss_load:compile_and_accumulate_errors:264 Compile Error, "src/lib/user_lib.erl" -> [{"/Users/ramonlong/src/fetish-storm/feed_eater_erlang/src/lib/user_lib.erl",[{19,erl_lint,{unbound_var,'FeedEaterErlangUser'}}]}]
2014-05-21 00:11:39.976 [error] <0.94.0>@boss_load:compile_and_accumulate_errors:264 Compile Error, "src/lib/user_lib.erl" -> [{"/Users/ramonlong/src/fetish-storm/feed_eater_erlang/src/lib/user_lib.erl",[{19,erl_lint,{unbound_var,'FeedEaterErlangUser'}}]}]
2014-05-21 00:11:39.976 [error] <0.94.0>@boss_load:make_all_modules:88 Load Module Error lib_modules : [{"/Users/ramonlong/src/fetish-storm/feed_eater_erlang/src/lib/user_lib.erl",[{19,erl_lint,{unbound_var,'FeedEaterErlangUser'}}]}]
2014-05-21 00:11:40.049 [error] <0.94.0>@boss_load:compile_and_accumulate_errors:264 Compile Error, "src/controller/feed_eater_erlang_user_controller.erl" -> [{"/Users/ramonlong/src/fetish-storm/feed_eater_erlang/src/controller/feed_eater_erlang_user_controller.erl",[{30,erl_lint,{unbound_var,'User'}}]}]
2014-05-21 00:11:40.049 [error] <0.94.0>@boss_load:make_all_modules:88 Load Module Error controller_modules : [{"/Users/ramonlong/src/fetish-storm/feed_eater_erlang/src/controller/feed_eater_erlang_user_controller.erl",[{30,erl_lint,{unbound_var,'User'}}]}]
2014-05-21 00:16:35.327 [error] <0.274.0>@boss_load:compile_and_accumulate_errors:264 Compile Error, "src/lib/user_lib.erl" -> [{"/Users/ramonlong/src/fetish-storm/feed_eater_erlang/src/lib/user_lib.erl",[{19,erl_lint,{unbound_var,'FeedEaterErlangUser'}}]}]
2014-05-21 00:17:50.555 [error] <0.278.0>@boss_load:compile_and_accumulate_errors:264 Compile Error, "src/lib/user_lib.erl" -> [{"/Users/ramonlong/src/fetish-storm/feed_eater_erlang/src/lib/user_lib.erl",[{19,erl_lint,{unbound_var,'FeedEaterErlangUser'}}]}]
2014-05-21 00:19:13.963 [error] <0.288.0>@boss_web_controller:call_controller_action:366 Error in controller error undef [{bcrypt,gen_salt,[],[]},{feed_eater_erlang_user_controller,register,3,[{file,"/Users/ramonlong/src/fetish-storm/feed_eater_erlang/src/controller/feed_eater_erlang_user_controller.erl"},{line,28}]},{boss_web_controller,call_controller_action,3,[{file,"src/boss/boss_web_controller.erl"},{line,363}]},{boss_web_controller,apply_action,4,[{file,"src/boss/boss_web_controller.erl"},{line,355}]},{boss_web_controller,execute_action_inner,9,[{file,"src/boss/boss_web_controller.erl"},{line,334}]},{boss_web_controller_handle_request,process_dynamic_request,4,[{file,"src/boss/boss_web_controller_handle_request.erl"},{line,242}]},{boss_web_controller_handle_request,process_request,4,[{file,"src/boss/boss_web_controller_handle_request.erl"},{line,228}]},{boss_web_controller_handle_request,set_timer,7,[{file,"src/boss/boss_web_controller_handle_request.erl"},{line,148}]}]
2014-05-21 00:30:01.968 [error] <0.290.0>@boss_web_controller:call_controller_action:366 Error in controller error undef [{bcrypt,gen_salt,[],[]},{feed_eater_erlang_user_controller,register,3,[{file,"/Users/ramonlong/src/fetish-storm/feed_eater_erlang/src/controller/feed_eater_erlang_user_controller.erl"},{line,28}]},{boss_web_controller,call_controller_action,3,[{file,"src/boss/boss_web_controller.erl"},{line,363}]},{boss_web_controller,apply_action,4,[{file,"src/boss/boss_web_controller.erl"},{line,355}]},{boss_web_controller,execute_action_inner,9,[{file,"src/boss/boss_web_controller.erl"},{line,334}]},{boss_web_controller_handle_request,process_dynamic_request,4,[{file,"src/boss/boss_web_controller_handle_request.erl"},{line,242}]},{boss_web_controller_handle_request,process_request,4,[{file,"src/boss/boss_web_controller_handle_request.erl"},{line,228}]},{boss_web_controller_handle_request,set_timer,7,[{file,"src/boss/boss_web_controller_handle_request.erl"},{line,148}]}]
2014-05-21 01:37:36.518 [error] <0.293.0>@boss_web_controller:call_controller_action:366 Error in controller error undef [{bcrypt,gen_salt,[],[]},{feed_eater_erlang_user_controller,register,3,[{file,"/Users/ramonlong/src/fetish-storm/feed_eater_erlang/src/controller/feed_eater_erlang_user_controller.erl"},{line,28}]},{boss_web_controller,call_controller_action,3,[{file,"src/boss/boss_web_controller.erl"},{line,363}]},{boss_web_controller,apply_action,4,[{file,"src/boss/boss_web_controller.erl"},{line,355}]},{boss_web_controller,execute_action_inner,9,[{file,"src/boss/boss_web_controller.erl"},{line,334}]},{boss_web_controller_handle_request,process_dynamic_request,4,[{file,"src/boss/boss_web_controller_handle_request.erl"},{line,242}]},{boss_web_controller_handle_request,process_request,4,[{file,"src/boss/boss_web_controller_handle_request.erl"},{line,228}]},{boss_web_controller_handle_request,set_timer,7,[{file,"src/boss/boss_web_controller_handle_request.erl"},{line,148}]}]
2014-05-21 01:37:51.361 [error] <0.299.0>@boss_web_controller:call_controller_action:366 Error in controller error undef [{bcrypt,gen_salt,[],[]},{feed_eater_erlang_user_controller,register,3,[{file,"/Users/ramonlong/src/fetish-storm/feed_eater_erlang/src/controller/feed_eater_erlang_user_controller.erl"},{line,28}]},{boss_web_controller,call_controller_action,3,[{file,"src/boss/boss_web_controller.erl"},{line,363}]},{boss_web_controller,apply_action,4,[{file,"src/boss/boss_web_controller.erl"},{line,355}]},{boss_web_controller,execute_action_inner,9,[{file,"src/boss/boss_web_controller.erl"},{line,334}]},{boss_web_controller_handle_request,process_dynamic_request,4,[{file,"src/boss/boss_web_controller_handle_request.erl"},{line,242}]},{boss_web_controller_handle_request,process_request,4,[{file,"src/boss/boss_web_controller_handle_request.erl"},{line,228}]},{boss_web_controller_handle_request,set_timer,7,[{file,"src/boss/boss_web_controller_handle_request.erl"},{line,148}]}]
2014-05-21 01:41:30.961 [error] <0.301.0>@boss_web_controller:call_controller_action:366 Error in controller error undef [{bcrypt,gen_salt,[],[]},{feed_eater_erlang_user_controller,register,3,[{file,"/Users/ramonlong/src/fetish-storm/feed_eater_erlang/src/controller/feed_eater_erlang_user_controller.erl"},{line,28}]},{boss_web_controller,call_controller_action,3,[{file,"src/boss/boss_web_controller.erl"},{line,363}]},{boss_web_controller,apply_action,4,[{file,"src/boss/boss_web_controller.erl"},{line,355}]},{boss_web_controller,execute_action_inner,9,[{file,"src/boss/boss_web_controller.erl"},{line,334}]},{boss_web_controller_handle_request,process_dynamic_request,4,[{file,"src/boss/boss_web_controller_handle_request.erl"},{line,242}]},{boss_web_controller_handle_request,process_request,4,[{file,"src/boss/boss_web_controller_handle_request.erl"},{line,228}]},{boss_web_controller_handle_request,set_timer,7,[{file,"src/boss/boss_web_controller_handle_request.erl"},{line,148}]}]
2014-05-21 01:41:45.236 [error] <0.94.0> Compilation of "/Users/ramonlong/src/fetish-storm/feed_eater_erlang/priv/init/feed_eater_erlang_10_bcrypt.erl" failed: {error,[{"/Users/ramonlong/src/fetish-storm/feed_eater_erlang/priv/init/feed_eater_erlang_10_bcrypt.erl",[{6,erl_parse,["syntax error before: ","':'"]},{10,erl_parse,["syntax error before: ","':'"]}]}]}

2014-05-21 01:44:07.109 [error] <0.271.0>@boss_web_controller:call_controller_action:366 Error in controller error {badmatch,undefined} [{bcrypt,mechanism,0,[{file,"src/bcrypt.erl"},{line,15}]},{bcrypt,gen_salt,0,[{file,"src/bcrypt.erl"},{line,18}]},{feed_eater_erlang_user_controller,register,3,[{file,"/Users/ramonlong/src/fetish-storm/feed_eater_erlang/src/controller/feed_eater_erlang_user_controller.erl"},{line,28}]},{boss_web_controller,call_controller_action,3,[{file,"src/boss/boss_web_controller.erl"},{line,363}]},{boss_web_controller,apply_action,4,[{file,"src/boss/boss_web_controller.erl"},{line,355}]},{boss_web_controller,execute_action_inner,9,[{file,"src/boss/boss_web_controller.erl"},{line,334}]},{boss_web_controller_handle_request,process_dynamic_request,4,[{file,"src/boss/boss_web_controller_handle_request.erl"},{line,242}]},{boss_web_controller_handle_request,process_request,4,[{file,"src/boss/boss_web_controller_handle_request.erl"},{line,228}]}]
2014-05-21 01:45:31.134 [error] <0.277.0> gen_server bcrypt_nif_worker terminated with reason: no function clause matching bcrypt_nif_worker:terminate({badarg,[{bcrypt_nif,hashpw,[<<>>,#Ref<0.0.0.19651>,<0.277.0>,"password",{ok,"$2a$12$YUfgnCCw9x..."}],...},...]}, {state,12,<<>>}) line 34
2014-05-21 01:45:31.134 [error] <0.277.0> CRASH REPORT Process bcrypt_nif_worker with 0 neighbours exited with reason: no function clause matching bcrypt_nif_worker:terminate({badarg,[{bcrypt_nif,hashpw,[<<>>,#Ref<0.0.0.19651>,<0.277.0>,"password",{ok,"$2a$12$YUfgnCCw9x..."}],...},...]}, {state,12,<<>>}) line 34 in gen_server:terminate/6 line 724
2014-05-21 01:45:31.135 [error] <0.276.0> Supervisor bcrypt_sup had child bcrypt_nif_worker started with bcrypt_nif_worker:start_link() at <0.277.0> exit with reason no function clause matching bcrypt_nif_worker:terminate({badarg,[{bcrypt_nif,hashpw,[<<>>,#Ref<0.0.0.19651>,<0.277.0>,"password",{ok,"$2a$12$YUfgnCCw9x..."}],...},...]}, {state,12,<<>>}) line 34 in context child_terminated
2014-05-21 01:45:31.135 [error] <0.279.0>@boss_web_controller:call_controller_action:366 Error in controller exit {{function_clause,[{bcrypt_nif_worker,terminate,[{badarg,[{bcrypt_nif,hashpw,[<<>>,#Ref<0.0.0.19651>,<0.277.0>,"password",{ok,"$2a$12$YUfgnCCw9xvpSMUSXMfVr."}],[]},{bcrypt_nif_worker,handle_call,3,[{file,"src/bcrypt_nif_worker.erl"},{line,42}]},{gen_server,handle_msg,5,[{file,"gen_server.erl"},{line,580}]},{proc_lib,init_p_do_apply,3,[{file,"proc_lib.erl"},{line,239}]}]},{state,12,<<>>}],[{file,"src/bcrypt_nif_worker.erl"},{line,34}]},{gen_server,terminate,6,[{file,"gen_server.erl"},{line,721}]},{proc_lib,init_p_do_apply,3,[{file,"proc_lib.erl"},{line,239}]}]},{gen_server,call,[bcrypt_nif_worker,{hashpw,"password",{ok,"$2a$12$YUfgnCCw9xvpSMUSXMfVr."}},infinity]}} [{gen_server,call,3,[{file,"gen_server.erl"},{line,190}]},{feed_eater_erlang_user_controller,register,3,[{file,"/Users/ramonlong/src/fetish-storm/feed_eater_erlang/src/controller/feed_eater_erlang_user_controller.erl"},{line,28}]},{boss_web_controller,call_controller_action,3,[{file,"src/boss/boss_web_controller.erl"},{line,363}]},{boss_web_controller,apply_action,4,[{file,"src/boss/boss_web_controller.erl"},{line,355}]},{boss_web_controller,execute_action_inner,9,[{file,"src/boss/boss_web_controller.erl"},{line,334}]},{boss_web_controller_handle_request,process_dynamic_request,4,[{file,"src/boss/boss_web_controller_handle_request.erl"},{line,242}]},{boss_web_controller_handle_request,process_request,4,[{file,"src/boss/boss_web_controller_handle_request.erl"},{line,228}]},{boss_web_controller_handle_request,set_timer,7,[{file,"src/boss/boss_web_controller_handle_request.erl"},{line,148}]}]
2014-05-21 02:18:19.649 [error] <0.100.0> gen_server <0.100.0> terminated with reason: no match of right hand value {error,<<"Unknown message code.">>} in boss_db_adapter_riak:get_keys/3 line 88
2014-05-21 02:18:19.650 [error] <0.100.0> CRASH REPORT Process <0.100.0> with 0 neighbours exited with reason: no match of right hand value {error,<<"Unknown message code.">>} in boss_db_adapter_riak:get_keys/3 line 88 in gen_server:terminate/6 line 746
2014-05-21 02:18:19.650 [error] <0.97.0> Supervisor {<0.97.0>,poolboy_sup} had child boss_db_controller started with {boss_db_controller,start_link,undefined} at <0.100.0> exit with reason no match of right hand value {error,<<"Unknown message code.">>} in boss_db_adapter_riak:get_keys/3 line 88 in context child_terminated
2014-05-21 02:18:19.650 [error] <0.292.0>@boss_web_controller:call_controller_action:366 Error in controller exit {{{badmatch,{error,<<"Unknown message code.">>}},[{boss_db_adapter_riak,get_keys,3,[{file,"src/db_adapters/boss_db_adapter_riak.erl"},{line,88}]},{boss_db_adapter_riak,find,7,[{file,"src/db_adapters/boss_db_adapter_riak.erl"},{line,64}]},{boss_db_controller,handle_call,3,[{file,"src/boss_db_controller.erl"},{line,122}]},{gen_server,handle_msg,5,[{file,"gen_server.erl"},{line,580}]},{proc_lib,init_p_do_apply,3,[{file,"proc_lib.erl"},{line,239}]}]},{gen_server,call,[<0.100.0>,{find,feed_eater_erlang_user,[{username,equals,"admin"}],all,0,id,ascending,[]},30000]}} [{gen_server,call,3,[{file,"gen_server.erl"},{line,190}]},{boss_pool,call,3,[{file,"src/boss_pool.erl"},{line,12}]},{feed_eater_erlang_user_controller,login,3,[{file,"/Users/ramonlong/src/fetish-storm/feed_eater_erlang/src/controller/feed_eater_erlang_user_controller.erl"},{line,9}]},{boss_web_controller,call_controller_action,3,[{file,"src/boss/boss_web_controller.erl"},{line,363}]},{boss_web_controller,apply_action,4,[{file,"src/boss/boss_web_controller.erl"},{line,355}]},{boss_web_controller,execute_action_inner,9,[{file,"src/boss/boss_web_controller.erl"},{line,334}]},{boss_web_controller_handle_request,process_dynamic_request,4,[{file,"src/boss/boss_web_controller_handle_request.erl"},{line,242}]},{boss_web_controller_handle_request,process_request,4,[{file,"src/boss/boss_web_controller_handle_request.erl"},{line,228}]}]
